ERROR - 2024-02-26 01:20:46 --> Table 'playground.daftar' doesn't exist
CRITICAL - 2024-02-26 01:20:46 --> Call to a member function getresult() on bool
#0 C:\xampp\htdocs\playground\app\Controllers\Home.php(61): App\Models\M_model->tampil('daftar')
#1 C:\xampp\htdocs\playground\system\CodeIgniter.php(832): App\Controllers\Home->daftar()
#2 C:\xampp\htdocs\playground\system\CodeIgniter.php(419): CodeIgniter\CodeIgniter->runController(Object(App\Controllers\Home))
#3 C:\xampp\htdocs\playground\system\CodeIgniter.php(326): CodeIgniter\CodeIgniter->handleRequest(NULL, Object(Config\Cache), false)
#4 C:\xampp\htdocs\playground\public\index.php(37): CodeIgniter\CodeIgniter->run()
#5 C:\xampp\htdocs\playground\system\Commands\Server\rewrite.php(43): require_once('C:\\xampp\\htdocs...')
#6 {main}
ERROR - 2024-02-26 01:21:07 --> Table 'playground.daftar' doesn't exist
CRITICAL - 2024-02-26 01:21:07 --> Call to a member function getresult() on bool
#0 C:\xampp\htdocs\playground\app\Controllers\Home.php(61): App\Models\M_model->tampil('daftar')
#1 C:\xampp\htdocs\playground\system\CodeIgniter.php(832): App\Controllers\Home->daftar()
#2 C:\xampp\htdocs\playground\system\CodeIgniter.php(419): CodeIgniter\CodeIgniter->runController(Object(App\Controllers\Home))
#3 C:\xampp\htdocs\playground\system\CodeIgniter.php(326): CodeIgniter\CodeIgniter->handleRequest(NULL, Object(Config\Cache), false)
#4 C:\xampp\htdocs\playground\public\index.php(37): CodeIgniter\CodeIgniter->run()
#5 C:\xampp\htdocs\playground\system\Commands\Server\rewrite.php(43): require_once('C:\\xampp\\htdocs...')
#6 {main}
ERROR - 2024-02-26 01:27:34 --> Table 'playground.daftar' doesn't exist
CRITICAL - 2024-02-26 01:27:34 --> Call to a member function getresult() on bool
#0 C:\xampp\htdocs\playground\app\Controllers\Home.php(61): App\Models\M_model->tampil('daftar')
#1 C:\xampp\htdocs\playground\system\CodeIgniter.php(832): App\Controllers\Home->daftar()
#2 C:\xampp\htdocs\playground\system\CodeIgniter.php(419): CodeIgniter\CodeIgniter->runController(Object(App\Controllers\Home))
#3 C:\xampp\htdocs\playground\system\CodeIgniter.php(326): CodeIgniter\CodeIgniter->handleRequest(NULL, Object(Config\Cache), false)
#4 C:\xampp\htdocs\playground\public\index.php(37): CodeIgniter\CodeIgniter->run()
#5 C:\xampp\htdocs\playground\system\Commands\Server\rewrite.php(43): require_once('C:\\xampp\\htdocs...')
#6 {main}
CRITICAL - 2024-02-26 01:35:13 --> Invalid file: p_daftar.php
#0 C:\xampp\htdocs\playground\system\View\View.php(198): CodeIgniter\Exceptions\FrameworkException::forInvalidFile('p_daftar.php')
#1 C:\xampp\htdocs\playground\system\Common.php(1089): CodeIgniter\View\View->render('p_daftar', Array, true)
#2 C:\xampp\htdocs\playground\app\Controllers\Home.php(89): view('p_daftar')
#3 C:\xampp\htdocs\playground\system\CodeIgniter.php(832): App\Controllers\Home->p_daftar()
#4 C:\xampp\htdocs\playground\system\CodeIgniter.php(419): CodeIgniter\CodeIgniter->runController(Object(App\Controllers\Home))
#5 C:\xampp\htdocs\playground\system\CodeIgniter.php(326): CodeIgniter\CodeIgniter->handleRequest(NULL, Object(Config\Cache), false)
#6 C:\xampp\htdocs\playground\public\index.php(37): CodeIgniter\CodeIgniter->run()
#7 C:\xampp\htdocs\playground\system\Commands\Server\rewrite.php(43): require_once('C:\\xampp\\htdocs...')
#8 {main}
CRITICAL - 2024-02-26 09:30:57 --> Invalid argument supplied for foreach()
#0 C:\xampp\htdocs\playground\app\Views\pengunjung.php(12): CodeIgniter\Debug\Exceptions->errorHandler(2, 'Invalid argumen...', 'C:\\xampp\\htdocs...', 12, Array)
#1 C:\xampp\htdocs\playground\system\View\View.php(210): include('C:\\xampp\\htdocs...')
#2 C:\xampp\htdocs\playground\system\View\View.php(213): CodeIgniter\View\View->CodeIgniter\View\{closure}()
#3 C:\xampp\htdocs\playground\system\Common.php(1089): CodeIgniter\View\View->render('pengunjung', Array, true)
#4 C:\xampp\htdocs\playground\app\Controllers\Home.php(73): view('pengunjung')
#5 C:\xampp\htdocs\playground\system\CodeIgniter.php(832): App\Controllers\Home->pengunjung()
#6 C:\xampp\htdocs\playground\system\CodeIgniter.php(419): CodeIgniter\CodeIgniter->runController(Object(App\Controllers\Home))
#7 C:\xampp\htdocs\playground\system\CodeIgniter.php(326): CodeIgniter\CodeIgniter->handleRequest(NULL, Object(Config\Cache), false)
#8 C:\xampp\htdocs\playground\public\index.php(37): CodeIgniter\CodeIgniter->run()
#9 C:\xampp\htdocs\playground\system\Commands\Server\rewrite.php(43): require_once('C:\\xampp\\htdocs...')
#10 {main}
CRITICAL - 2024-02-26 09:31:18 --> Invalid argument supplied for foreach()
#0 C:\xampp\htdocs\playground\app\Views\pengunjung.php(12): CodeIgniter\Debug\Exceptions->errorHandler(2, 'Invalid argumen...', 'C:\\xampp\\htdocs...', 12, Array)
#1 C:\xampp\htdocs\playground\system\View\View.php(210): include('C:\\xampp\\htdocs...')
#2 C:\xampp\htdocs\playground\system\View\View.php(213): CodeIgniter\View\View->CodeIgniter\View\{closure}()
#3 C:\xampp\htdocs\playground\system\Common.php(1089): CodeIgniter\View\View->render('pengunjung', Array, true)
#4 C:\xampp\htdocs\playground\app\Controllers\Home.php(73): view('pengunjung')
#5 C:\xampp\htdocs\playground\system\CodeIgniter.php(832): App\Controllers\Home->pengunjung()
#6 C:\xampp\htdocs\playground\system\CodeIgniter.php(419): CodeIgniter\CodeIgniter->runController(Object(App\Controllers\Home))
#7 C:\xampp\htdocs\playground\system\CodeIgniter.php(326): CodeIgniter\CodeIgniter->handleRequest(NULL, Object(Config\Cache), false)
#8 C:\xampp\htdocs\playground\public\index.php(37): CodeIgniter\CodeIgniter->run()
#9 C:\xampp\htdocs\playground\system\Commands\Server\rewrite.php(43): require_once('C:\\xampp\\htdocs...')
#10 {main}
CRITICAL - 2024-02-26 09:32:07 --> Call to a member function use() on null
#0 C:\xampp\htdocs\playground\system\CodeIgniter.php(832): App\Controllers\Home->pengunjung()
#1 C:\xampp\htdocs\playground\system\CodeIgniter.php(419): CodeIgniter\CodeIgniter->runController(Object(App\Controllers\Home))
#2 C:\xampp\htdocs\playground\system\CodeIgniter.php(326): CodeIgniter\CodeIgniter->handleRequest(NULL, Object(Config\Cache), false)
#3 C:\xampp\htdocs\playground\public\index.php(37): CodeIgniter\CodeIgniter->run()
#4 C:\xampp\htdocs\playground\system\Commands\Server\rewrite.php(43): require_once('C:\\xampp\\htdocs...')
#5 {main}
CRITICAL - 2024-02-26 09:35:29 --> Invalid argument supplied for foreach()
#0 C:\xampp\htdocs\playground\app\Views\pengunjung.php(24): CodeIgniter\Debug\Exceptions->errorHandler(2, 'Invalid argumen...', 'C:\\xampp\\htdocs...', 24, Array)
#1 C:\xampp\htdocs\playground\system\View\View.php(210): include('C:\\xampp\\htdocs...')
#2 C:\xampp\htdocs\playground\system\View\View.php(213): CodeIgniter\View\View->CodeIgniter\View\{closure}()
#3 C:\xampp\htdocs\playground\system\Common.php(1089): CodeIgniter\View\View->render('pengunjung', Array, true)
#4 C:\xampp\htdocs\playground\app\Controllers\Home.php(74): view('pengunjung', Array)
#5 C:\xampp\htdocs\playground\system\CodeIgniter.php(832): App\Controllers\Home->pengunjung()
#6 C:\xampp\htdocs\playground\system\CodeIgniter.php(419): CodeIgniter\CodeIgniter->runController(Object(App\Controllers\Home))
#7 C:\xampp\htdocs\playground\system\CodeIgniter.php(326): CodeIgniter\CodeIgniter->handleRequest(NULL, Object(Config\Cache), false)
#8 C:\xampp\htdocs\playground\public\index.php(37): CodeIgniter\CodeIgniter->run()
#9 C:\xampp\htdocs\playground\system\Commands\Server\rewrite.php(43): require_once('C:\\xampp\\htdocs...')
#10 {main}
CRITICAL - 2024-02-26 09:35:43 --> Invalid argument supplied for foreach()
#0 C:\xampp\htdocs\playground\app\Views\pengunjung.php(24): CodeIgniter\Debug\Exceptions->errorHandler(2, 'Invalid argumen...', 'C:\\xampp\\htdocs...', 24, Array)
#1 C:\xampp\htdocs\playground\system\View\View.php(210): include('C:\\xampp\\htdocs...')
#2 C:\xampp\htdocs\playground\system\View\View.php(213): CodeIgniter\View\View->CodeIgniter\View\{closure}()
#3 C:\xampp\htdocs\playground\system\Common.php(1089): CodeIgniter\View\View->render('pengunjung', Array, true)
#4 C:\xampp\htdocs\playground\app\Controllers\Home.php(75): view('pengunjung', Array)
#5 C:\xampp\htdocs\playground\system\CodeIgniter.php(832): App\Controllers\Home->pengunjung()
#6 C:\xampp\htdocs\playground\system\CodeIgniter.php(419): CodeIgniter\CodeIgniter->runController(Object(App\Controllers\Home))
#7 C:\xampp\htdocs\playground\system\CodeIgniter.php(326): CodeIgniter\CodeIgniter->handleRequest(NULL, Object(Config\Cache), false)
#8 C:\xampp\htdocs\playground\public\index.php(37): CodeIgniter\CodeIgniter->run()
#9 C:\xampp\htdocs\playground\system\Commands\Server\rewrite.php(43): require_once('C:\\xampp\\htdocs...')
#10 {main}
ERROR - 2024-02-26 09:36:23 --> Unknown column 'nama_pengunjung' in 'field list'
CRITICAL - 2024-02-26 09:49:51 --> Call to undefined function App\Controllers\now()
#0 C:\xampp\htdocs\playground\system\CodeIgniter.php(832): App\Controllers\Home->p_pengunjung()
#1 C:\xampp\htdocs\playground\system\CodeIgniter.php(419): CodeIgniter\CodeIgniter->runController(Object(App\Controllers\Home))
#2 C:\xampp\htdocs\playground\system\CodeIgniter.php(326): CodeIgniter\CodeIgniter->handleRequest(NULL, Object(Config\Cache), false)
#3 C:\xampp\htdocs\playground\public\index.php(37): CodeIgniter\CodeIgniter->run()
#4 C:\xampp\htdocs\playground\system\Commands\Server\rewrite.php(43): require_once('C:\\xampp\\htdocs...')
#5 {main}
ERROR - 2024-02-26 09:50:19 --> Column 'jam' cannot be null
CRITICAL - 2024-02-26 09:50:19 --> Column 'jam' cannot be null
#0 C:\xampp\htdocs\playground\system\Database\MySQLi\Connection.php(292): mysqli->query('INSERT INTO `da...', 0)
#1 C:\xampp\htdocs\playground\system\Database\BaseConnection.php(670): CodeIgniter\Database\MySQLi\Connection->execute('INSERT INTO `da...')
#2 C:\xampp\htdocs\playground\system\Database\BaseConnection.php(598): CodeIgniter\Database\BaseConnection->simpleQuery('INSERT INTO `da...')
#3 C:\xampp\htdocs\playground\system\Database\BaseBuilder.php(1771): CodeIgniter\Database\BaseConnection->query('INSERT INTO `da...', Array, false)
#4 C:\xampp\htdocs\playground\app\Models\M_model.php(44): CodeIgniter\Database\BaseBuilder->insert(Array)
#5 C:\xampp\htdocs\playground\app\Controllers\Home.php(129): App\Models\M_model->simpan('daftar', Array)
#6 C:\xampp\htdocs\playground\system\CodeIgniter.php(832): App\Controllers\Home->p_pengunjung()
#7 C:\xampp\htdocs\playground\system\CodeIgniter.php(419): CodeIgniter\CodeIgniter->runController(Object(App\Controllers\Home))
#8 C:\xampp\htdocs\playground\system\CodeIgniter.php(326): CodeIgniter\CodeIgniter->handleRequest(NULL, Object(Config\Cache), false)
#9 C:\xampp\htdocs\playground\public\index.php(37): CodeIgniter\CodeIgniter->run()
#10 C:\xampp\htdocs\playground\system\Commands\Server\rewrite.php(43): require_once('C:\\xampp\\htdocs...')
#11 {main}
ERROR - 2024-02-26 09:50:43 --> Column 'jam' cannot be null
CRITICAL - 2024-02-26 09:50:43 --> Column 'jam' cannot be null
#0 C:\xampp\htdocs\playground\system\Database\MySQLi\Connection.php(292): mysqli->query('INSERT INTO `da...', 0)
#1 C:\xampp\htdocs\playground\system\Database\BaseConnection.php(670): CodeIgniter\Database\MySQLi\Connection->execute('INSERT INTO `da...')
#2 C:\xampp\htdocs\playground\system\Database\BaseConnection.php(598): CodeIgniter\Database\BaseConnection->simpleQuery('INSERT INTO `da...')
#3 C:\xampp\htdocs\playground\system\Database\BaseBuilder.php(1771): CodeIgniter\Database\BaseConnection->query('INSERT INTO `da...', Array, false)
#4 C:\xampp\htdocs\playground\app\Models\M_model.php(44): CodeIgniter\Database\BaseBuilder->insert(Array)
#5 C:\xampp\htdocs\playground\app\Controllers\Home.php(129): App\Models\M_model->simpan('daftar', Array)
#6 C:\xampp\htdocs\playground\system\CodeIgniter.php(832): App\Controllers\Home->p_pengunjung()
#7 C:\xampp\htdocs\playground\system\CodeIgniter.php(419): CodeIgniter\CodeIgniter->runController(Object(App\Controllers\Home))
#8 C:\xampp\htdocs\playground\system\CodeIgniter.php(326): CodeIgniter\CodeIgniter->handleRequest(NULL, Object(Config\Cache), false)
#9 C:\xampp\htdocs\playground\public\index.php(37): CodeIgniter\CodeIgniter->run()
#10 C:\xampp\htdocs\playground\system\Commands\Server\rewrite.php(43): require_once('C:\\xampp\\htdocs...')
#11 {main}
CRITICAL - 2024-02-26 09:50:46 --> Undefined property: stdClass::$no_hpx
#0 C:\xampp\htdocs\playground\app\Views\daftar.php(50): CodeIgniter\Debug\Exceptions->errorHandler(8, 'Undefined prope...', 'C:\\xampp\\htdocs...', 50, Array)
#1 C:\xampp\htdocs\playground\system\View\View.php(210): include('C:\\xampp\\htdocs...')
#2 C:\xampp\htdocs\playground\system\View\View.php(213): CodeIgniter\View\View->CodeIgniter\View\{closure}()
#3 C:\xampp\htdocs\playground\system\Common.php(1089): CodeIgniter\View\View->render('daftar', Array, true)
#4 C:\xampp\htdocs\playground\app\Controllers\Home.php(64): view('daftar', Array)
#5 C:\xampp\htdocs\playground\system\CodeIgniter.php(832): App\Controllers\Home->daftar()
#6 C:\xampp\htdocs\playground\system\CodeIgniter.php(419): CodeIgniter\CodeIgniter->runController(Object(App\Controllers\Home))
#7 C:\xampp\htdocs\playground\system\CodeIgniter.php(326): CodeIgniter\CodeIgniter->handleRequest(NULL, Object(Config\Cache), false)
#8 C:\xampp\htdocs\playground\public\index.php(37): CodeIgniter\CodeIgniter->run()
#9 C:\xampp\htdocs\playground\system\Commands\Server\rewrite.php(43): require_once('C:\\xampp\\htdocs...')
#10 {main}
CRITICAL - 2024-02-26 09:54:10 --> Undefined variable: dt
#0 C:\xampp\htdocs\playground\app\Views\daftar.php(34): CodeIgniter\Debug\Exceptions->errorHandler(8, 'Undefined varia...', 'C:\\xampp\\htdocs...', 34, Array)
#1 C:\xampp\htdocs\playground\system\View\View.php(210): include('C:\\xampp\\htdocs...')
#2 C:\xampp\htdocs\playground\system\View\View.php(213): CodeIgniter\View\View->CodeIgniter\View\{closure}()
#3 C:\xampp\htdocs\playground\system\Common.php(1089): CodeIgniter\View\View->render('daftar', Array, true)
#4 C:\xampp\htdocs\playground\app\Controllers\Home.php(91): view('daftar')
#5 C:\xampp\htdocs\playground\system\CodeIgniter.php(832): App\Controllers\Home->daftar()
#6 C:\xampp\htdocs\playground\system\CodeIgniter.php(419): CodeIgniter\CodeIgniter->runController(Object(App\Controllers\Home))
#7 C:\xampp\htdocs\playground\system\CodeIgniter.php(326): CodeIgniter\CodeIgniter->handleRequest(NULL, Object(Config\Cache), false)
#8 C:\xampp\htdocs\playground\public\index.php(37): CodeIgniter\CodeIgniter->run()
#9 C:\xampp\htdocs\playground\system\Commands\Server\rewrite.php(43): require_once('C:\\xampp\\htdocs...')
#10 {main}
CRITICAL - 2024-02-26 09:54:37 --> Undefined variable: dt
#0 C:\xampp\htdocs\playground\app\Views\daftar.php(34): CodeIgniter\Debug\Exceptions->errorHandler(8, 'Undefined varia...', 'C:\\xampp\\htdocs...', 34, Array)
#1 C:\xampp\htdocs\playground\system\View\View.php(210): include('C:\\xampp\\htdocs...')
#2 C:\xampp\htdocs\playground\system\View\View.php(213): CodeIgniter\View\View->CodeIgniter\View\{closure}()
#3 C:\xampp\htdocs\playground\system\Common.php(1089): CodeIgniter\View\View->render('daftar', Array, true)
#4 C:\xampp\htdocs\playground\app\Controllers\Home.php(91): view('daftar')
#5 C:\xampp\htdocs\playground\system\CodeIgniter.php(832): App\Controllers\Home->daftar()
#6 C:\xampp\htdocs\playground\system\CodeIgniter.php(419): CodeIgniter\CodeIgniter->runController(Object(App\Controllers\Home))
#7 C:\xampp\htdocs\playground\system\CodeIgniter.php(326): CodeIgniter\CodeIgniter->handleRequest(NULL, Object(Config\Cache), false)
#8 C:\xampp\htdocs\playground\public\index.php(37): CodeIgniter\CodeIgniter->run()
#9 C:\xampp\htdocs\playground\system\Commands\Server\rewrite.php(43): require_once('C:\\xampp\\htdocs...')
#10 {main}
CRITICAL - 2024-02-26 09:54:47 --> Undefined property: stdClass::$pengunjung
#0 C:\xampp\htdocs\playground\app\Views\daftar.php(41): CodeIgniter\Debug\Exceptions->errorHandler(8, 'Undefined prope...', 'C:\\xampp\\htdocs...', 41, Array)
#1 C:\xampp\htdocs\playground\system\View\View.php(210): include('C:\\xampp\\htdocs...')
#2 C:\xampp\htdocs\playground\system\View\View.php(213): CodeIgniter\View\View->CodeIgniter\View\{closure}()
#3 C:\xampp\htdocs\playground\system\Common.php(1089): CodeIgniter\View\View->render('daftar', Array, true)
#4 C:\xampp\htdocs\playground\app\Controllers\Home.php(91): view('daftar', Array)
#5 C:\xampp\htdocs\playground\system\CodeIgniter.php(832): App\Controllers\Home->daftar()
#6 C:\xampp\htdocs\playground\system\CodeIgniter.php(419): CodeIgniter\CodeIgniter->runController(Object(App\Controllers\Home))
#7 C:\xampp\htdocs\playground\system\CodeIgniter.php(326): CodeIgniter\CodeIgniter->handleRequest(NULL, Object(Config\Cache), false)
#8 C:\xampp\htdocs\playground\public\index.php(37): CodeIgniter\CodeIgniter->run()
#9 C:\xampp\htdocs\playground\system\Commands\Server\rewrite.php(43): require_once('C:\\xampp\\htdocs...')
#10 {main}
CRITICAL - 2024-02-26 10:17:01 --> Undefined variable: dt
#0 C:\xampp\htdocs\playground\app\Views\pengunjung.php(34): CodeIgniter\Debug\Exceptions->errorHandler(8, 'Undefined varia...', 'C:\\xampp\\htdocs...', 34, Array)
#1 C:\xampp\htdocs\playground\system\View\View.php(210): include('C:\\xampp\\htdocs...')
#2 C:\xampp\htdocs\playground\system\View\View.php(213): CodeIgniter\View\View->CodeIgniter\View\{closure}()
#3 C:\xampp\htdocs\playground\system\Common.php(1089): CodeIgniter\View\View->render('pengunjung', Array, true)
#4 C:\xampp\htdocs\playground\app\Controllers\Home.php(65): view('pengunjung', Array)
#5 C:\xampp\htdocs\playground\system\CodeIgniter.php(832): App\Controllers\Home->pengunjung()
#6 C:\xampp\htdocs\playground\system\CodeIgniter.php(419): CodeIgniter\CodeIgniter->runController(Object(App\Controllers\Home))
#7 C:\xampp\htdocs\playground\system\CodeIgniter.php(326): CodeIgniter\CodeIgniter->handleRequest(NULL, Object(Config\Cache), false)
#8 C:\xampp\htdocs\playground\public\index.php(37): CodeIgniter\CodeIgniter->run()
#9 C:\xampp\htdocs\playground\system\Commands\Server\rewrite.php(43): require_once('C:\\xampp\\htdocs...')
#10 {main}
ERROR - 2024-02-26 10:20:22 --> Unknown column 'nama_pengunjung' in 'field list'
CRITICAL - 2024-02-26 10:20:22 --> Unknown column 'nama_pengunjung' in 'field list'
#0 C:\xampp\htdocs\playground\system\Database\MySQLi\Connection.php(292): mysqli->query('INSERT INTO `pe...', 0)
#1 C:\xampp\htdocs\playground\system\Database\BaseConnection.php(670): CodeIgniter\Database\MySQLi\Connection->execute('INSERT INTO `pe...')
#2 C:\xampp\htdocs\playground\system\Database\BaseConnection.php(598): CodeIgniter\Database\BaseConnection->simpleQuery('INSERT INTO `pe...')
#3 C:\xampp\htdocs\playground\system\Database\BaseBuilder.php(1771): CodeIgniter\Database\BaseConnection->query('INSERT INTO `pe...', Array, false)
#4 C:\xampp\htdocs\playground\app\Models\M_model.php(44): CodeIgniter\Database\BaseBuilder->insert(Array)
#5 C:\xampp\htdocs\playground\app\Controllers\Home.php(112): App\Models\M_model->simpan('pengunjung', Array)
#6 C:\xampp\htdocs\playground\system\CodeIgniter.php(832): App\Controllers\Home->p_daftar()
#7 C:\xampp\htdocs\playground\system\CodeIgniter.php(419): CodeIgniter\CodeIgniter->runController(Object(App\Controllers\Home))
#8 C:\xampp\htdocs\playground\system\CodeIgniter.php(326): CodeIgniter\CodeIgniter->handleRequest(NULL, Object(Config\Cache), false)
#9 C:\xampp\htdocs\playground\public\index.php(37): CodeIgniter\CodeIgniter->run()
#10 C:\xampp\htdocs\playground\system\Commands\Server\rewrite.php(43): require_once('C:\\xampp\\htdocs...')
#11 {main}
ERROR - 2024-02-26 10:20:48 --> Unknown column 'no_ortu' in 'field list'
CRITICAL - 2024-02-26 10:20:48 --> Unknown column 'no_ortu' in 'field list'
#0 C:\xampp\htdocs\playground\system\Database\MySQLi\Connection.php(292): mysqli->query('INSERT INTO `pe...', 0)
#1 C:\xampp\htdocs\playground\system\Database\BaseConnection.php(670): CodeIgniter\Database\MySQLi\Connection->execute('INSERT INTO `pe...')
#2 C:\xampp\htdocs\playground\system\Database\BaseConnection.php(598): CodeIgniter\Database\BaseConnection->simpleQuery('INSERT INTO `pe...')
#3 C:\xampp\htdocs\playground\system\Database\BaseBuilder.php(1771): CodeIgniter\Database\BaseConnection->query('INSERT INTO `pe...', Array, false)
#4 C:\xampp\htdocs\playground\app\Models\M_model.php(44): CodeIgniter\Database\BaseBuilder->insert(Array)
#5 C:\xampp\htdocs\playground\app\Controllers\Home.php(112): App\Models\M_model->simpan('pengunjung', Array)
#6 C:\xampp\htdocs\playground\system\CodeIgniter.php(832): App\Controllers\Home->p_daftar()
#7 C:\xampp\htdocs\playground\system\CodeIgniter.php(419): CodeIgniter\CodeIgniter->runController(Object(App\Controllers\Home))
#8 C:\xampp\htdocs\playground\system\CodeIgniter.php(326): CodeIgniter\CodeIgniter->handleRequest(NULL, Object(Config\Cache), false)
#9 C:\xampp\htdocs\playground\public\index.php(37): CodeIgniter\CodeIgniter->run()
#10 C:\xampp\htdocs\playground\system\Commands\Server\rewrite.php(43): require_once('C:\\xampp\\htdocs...')
#11 {main}
CRITICAL - 2024-02-26 10:21:35 --> Undefined variable: dt
#0 C:\xampp\htdocs\playground\app\Views\t_daftar.php(41): CodeIgniter\Debug\Exceptions->errorHandler(8, 'Undefined varia...', 'C:\\xampp\\htdocs...', 41, Array)
#1 C:\xampp\htdocs\playground\system\View\View.php(210): include('C:\\xampp\\htdocs...')
#2 C:\xampp\htdocs\playground\system\View\View.php(213): CodeIgniter\View\View->CodeIgniter\View\{closure}()
#3 C:\xampp\htdocs\playground\system\Common.php(1089): CodeIgniter\View\View->render('t_daftar', Array, true)
#4 C:\xampp\htdocs\playground\app\Controllers\Home.php(70): view('t_daftar')
#5 C:\xampp\htdocs\playground\system\CodeIgniter.php(832): App\Controllers\Home->t_daftar()
#6 C:\xampp\htdocs\playground\system\CodeIgniter.php(419): CodeIgniter\CodeIgniter->runController(Object(App\Controllers\Home))
#7 C:\xampp\htdocs\playground\system\CodeIgniter.php(326): CodeIgniter\CodeIgniter->handleRequest(NULL, Object(Config\Cache), false)
#8 C:\xampp\htdocs\playground\public\index.php(37): CodeIgniter\CodeIgniter->run()
#9 C:\xampp\htdocs\playground\system\Commands\Server\rewrite.php(43): require_once('C:\\xampp\\htdocs...')
#10 {main}
CRITICAL - 2024-02-26 10:23:05 --> Undefined property: stdClass::$namawahana
#0 C:\xampp\htdocs\playground\app\Views\pengunjung.php(51): CodeIgniter\Debug\Exceptions->errorHandler(8, 'Undefined prope...', 'C:\\xampp\\htdocs...', 51, Array)
#1 C:\xampp\htdocs\playground\system\View\View.php(210): include('C:\\xampp\\htdocs...')
#2 C:\xampp\htdocs\playground\system\View\View.php(213): CodeIgniter\View\View->CodeIgniter\View\{closure}()
#3 C:\xampp\htdocs\playground\system\Common.php(1089): CodeIgniter\View\View->render('pengunjung', Array, true)
#4 C:\xampp\htdocs\playground\app\Controllers\Home.php(83): view('pengunjung', Array)
#5 C:\xampp\htdocs\playground\system\CodeIgniter.php(832): App\Controllers\Home->daftar()
#6 C:\xampp\htdocs\playground\system\CodeIgniter.php(419): CodeIgniter\CodeIgniter->runController(Object(App\Controllers\Home))
#7 C:\xampp\htdocs\playground\system\CodeIgniter.php(326): CodeIgniter\CodeIgniter->handleRequest(NULL, Object(Config\Cache), false)
#8 C:\xampp\htdocs\playground\public\index.php(37): CodeIgniter\CodeIgniter->run()
#9 C:\xampp\htdocs\playground\system\Commands\Server\rewrite.php(43): require_once('C:\\xampp\\htdocs...')
#10 {main}
CRITICAL - 2024-02-26 10:23:31 --> Undefined property: stdClass::$namawahana
#0 C:\xampp\htdocs\playground\app\Views\pengunjung.php(51): CodeIgniter\Debug\Exceptions->errorHandler(8, 'Undefined prope...', 'C:\\xampp\\htdocs...', 51, Array)
#1 C:\xampp\htdocs\playground\system\View\View.php(210): include('C:\\xampp\\htdocs...')
#2 C:\xampp\htdocs\playground\system\View\View.php(213): CodeIgniter\View\View->CodeIgniter\View\{closure}()
#3 C:\xampp\htdocs\playground\system\Common.php(1089): CodeIgniter\View\View->render('pengunjung', Array, true)
#4 C:\xampp\htdocs\playground\app\Controllers\Home.php(83): view('pengunjung', Array)
#5 C:\xampp\htdocs\playground\system\CodeIgniter.php(832): App\Controllers\Home->daftar()
#6 C:\xampp\htdocs\playground\system\CodeIgniter.php(419): CodeIgniter\CodeIgniter->runController(Object(App\Controllers\Home))
#7 C:\xampp\htdocs\playground\system\CodeIgniter.php(326): CodeIgniter\CodeIgniter->handleRequest(NULL, Object(Config\Cache), false)
#8 C:\xampp\htdocs\playground\public\index.php(37): CodeIgniter\CodeIgniter->run()
#9 C:\xampp\htdocs\playground\system\Commands\Server\rewrite.php(43): require_once('C:\\xampp\\htdocs...')
#10 {main}
CRITICAL - 2024-02-26 10:23:47 --> Undefined property: stdClass::$namawahana
#0 C:\xampp\htdocs\playground\app\Views\pengunjung.php(51): CodeIgniter\Debug\Exceptions->errorHandler(8, 'Undefined prope...', 'C:\\xampp\\htdocs...', 51, Array)
#1 C:\xampp\htdocs\playground\system\View\View.php(210): include('C:\\xampp\\htdocs...')
#2 C:\xampp\htdocs\playground\system\View\View.php(213): CodeIgniter\View\View->CodeIgniter\View\{closure}()
#3 C:\xampp\htdocs\playground\system\Common.php(1089): CodeIgniter\View\View->render('pengunjung', Array, true)
#4 C:\xampp\htdocs\playground\app\Controllers\Home.php(83): view('pengunjung', Array)
#5 C:\xampp\htdocs\playground\system\CodeIgniter.php(832): App\Controllers\Home->daftar()
#6 C:\xampp\htdocs\playground\system\CodeIgniter.php(419): CodeIgniter\CodeIgniter->runController(Object(App\Controllers\Home))
#7 C:\xampp\htdocs\playground\system\CodeIgniter.php(326): CodeIgniter\CodeIgniter->handleRequest(NULL, Object(Config\Cache), false)
#8 C:\xampp\htdocs\playground\public\index.php(37): CodeIgniter\CodeIgniter->run()
#9 C:\xampp\htdocs\playground\system\Commands\Server\rewrite.php(43): require_once('C:\\xampp\\htdocs...')
#10 {main}
CRITICAL - 2024-02-26 10:23:54 --> Undefined property: stdClass::$namawahana
#0 C:\xampp\htdocs\playground\app\Views\pengunjung.php(51): CodeIgniter\Debug\Exceptions->errorHandler(8, 'Undefined prope...', 'C:\\xampp\\htdocs...', 51, Array)
#1 C:\xampp\htdocs\playground\system\View\View.php(210): include('C:\\xampp\\htdocs...')
#2 C:\xampp\htdocs\playground\system\View\View.php(213): CodeIgniter\View\View->CodeIgniter\View\{closure}()
#3 C:\xampp\htdocs\playground\system\Common.php(1089): CodeIgniter\View\View->render('pengunjung', Array, true)
#4 C:\xampp\htdocs\playground\app\Controllers\Home.php(83): view('pengunjung', Array)
#5 C:\xampp\htdocs\playground\system\CodeIgniter.php(832): App\Controllers\Home->daftar()
#6 C:\xampp\htdocs\playground\system\CodeIgniter.php(419): CodeIgniter\CodeIgniter->runController(Object(App\Controllers\Home))
#7 C:\xampp\htdocs\playground\system\CodeIgniter.php(326): CodeIgniter\CodeIgniter->handleRequest(NULL, Object(Config\Cache), false)
#8 C:\xampp\htdocs\playground\public\index.php(37): CodeIgniter\CodeIgniter->run()
#9 C:\xampp\htdocs\playground\system\Commands\Server\rewrite.php(43): require_once('C:\\xampp\\htdocs...')
#10 {main}
CRITICAL - 2024-02-26 10:23:56 --> Undefined property: stdClass::$namawahana
#0 C:\xampp\htdocs\playground\app\Views\pengunjung.php(51): CodeIgniter\Debug\Exceptions->errorHandler(8, 'Undefined prope...', 'C:\\xampp\\htdocs...', 51, Array)
#1 C:\xampp\htdocs\playground\system\View\View.php(210): include('C:\\xampp\\htdocs...')
#2 C:\xampp\htdocs\playground\system\View\View.php(213): CodeIgniter\View\View->CodeIgniter\View\{closure}()
#3 C:\xampp\htdocs\playground\system\Common.php(1089): CodeIgniter\View\View->render('pengunjung', Array, true)
#4 C:\xampp\htdocs\playground\app\Controllers\Home.php(83): view('pengunjung', Array)
#5 C:\xampp\htdocs\playground\system\CodeIgniter.php(832): App\Controllers\Home->daftar()
#6 C:\xampp\htdocs\playground\system\CodeIgniter.php(419): CodeIgniter\CodeIgniter->runController(Object(App\Controllers\Home))
#7 C:\xampp\htdocs\playground\system\CodeIgniter.php(326): CodeIgniter\CodeIgniter->handleRequest(NULL, Object(Config\Cache), false)
#8 C:\xampp\htdocs\playground\public\index.php(37): CodeIgniter\CodeIgniter->run()
#9 C:\xampp\htdocs\playground\system\Commands\Server\rewrite.php(43): require_once('C:\\xampp\\htdocs...')
#10 {main}
CRITICAL - 2024-02-26 10:24:01 --> Undefined property: stdClass::$namawahana
#0 C:\xampp\htdocs\playground\app\Views\pengunjung.php(51): CodeIgniter\Debug\Exceptions->errorHandler(8, 'Undefined prope...', 'C:\\xampp\\htdocs...', 51, Array)
#1 C:\xampp\htdocs\playground\system\View\View.php(210): include('C:\\xampp\\htdocs...')
#2 C:\xampp\htdocs\playground\system\View\View.php(213): CodeIgniter\View\View->CodeIgniter\View\{closure}()
#3 C:\xampp\htdocs\playground\system\Common.php(1089): CodeIgniter\View\View->render('pengunjung', Array, true)
#4 C:\xampp\htdocs\playground\app\Controllers\Home.php(83): view('pengunjung', Array)
#5 C:\xampp\htdocs\playground\system\CodeIgniter.php(832): App\Controllers\Home->daftar()
#6 C:\xampp\htdocs\playground\system\CodeIgniter.php(419): CodeIgniter\CodeIgniter->runController(Object(App\Controllers\Home))
#7 C:\xampp\htdocs\playground\system\CodeIgniter.php(326): CodeIgniter\CodeIgniter->handleRequest(NULL, Object(Config\Cache), false)
#8 C:\xampp\htdocs\playground\public\index.php(37): CodeIgniter\CodeIgniter->run()
#9 C:\xampp\htdocs\playground\system\Commands\Server\rewrite.php(43): require_once('C:\\xampp\\htdocs...')
#10 {main}
CRITICAL - 2024-02-26 10:24:04 --> Undefined property: stdClass::$namawahana
#0 C:\xampp\htdocs\playground\app\Views\pengunjung.php(51): CodeIgniter\Debug\Exceptions->errorHandler(8, 'Undefined prope...', 'C:\\xampp\\htdocs...', 51, Array)
#1 C:\xampp\htdocs\playground\system\View\View.php(210): include('C:\\xampp\\htdocs...')
#2 C:\xampp\htdocs\playground\system\View\View.php(213): CodeIgniter\View\View->CodeIgniter\View\{closure}()
#3 C:\xampp\htdocs\playground\system\Common.php(1089): CodeIgniter\View\View->render('pengunjung', Array, true)
#4 C:\xampp\htdocs\playground\app\Controllers\Home.php(83): view('pengunjung', Array)
#5 C:\xampp\htdocs\playground\system\CodeIgniter.php(832): App\Controllers\Home->daftar()
#6 C:\xampp\htdocs\playground\system\CodeIgniter.php(419): CodeIgniter\CodeIgniter->runController(Object(App\Controllers\Home))
#7 C:\xampp\htdocs\playground\system\CodeIgniter.php(326): CodeIgniter\CodeIgniter->handleRequest(NULL, Object(Config\Cache), false)
#8 C:\xampp\htdocs\playground\public\index.php(37): CodeIgniter\CodeIgniter->run()
#9 C:\xampp\htdocs\playground\system\Commands\Server\rewrite.php(43): require_once('C:\\xampp\\htdocs...')
#10 {main}
CRITICAL - 2024-02-26 10:24:26 --> Undefined property: stdClass::$namawahana
#0 C:\xampp\htdocs\playground\app\Views\pengunjung.php(51): CodeIgniter\Debug\Exceptions->errorHandler(8, 'Undefined prope...', 'C:\\xampp\\htdocs...', 51, Array)
#1 C:\xampp\htdocs\playground\system\View\View.php(210): include('C:\\xampp\\htdocs...')
#2 C:\xampp\htdocs\playground\system\View\View.php(213): CodeIgniter\View\View->CodeIgniter\View\{closure}()
#3 C:\xampp\htdocs\playground\system\Common.php(1089): CodeIgniter\View\View->render('pengunjung', Array, true)
#4 C:\xampp\htdocs\playground\app\Controllers\Home.php(83): view('pengunjung', Array)
#5 C:\xampp\htdocs\playground\system\CodeIgniter.php(832): App\Controllers\Home->daftar()
#6 C:\xampp\htdocs\playground\system\CodeIgniter.php(419): CodeIgniter\CodeIgniter->runController(Object(App\Controllers\Home))
#7 C:\xampp\htdocs\playground\system\CodeIgniter.php(326): CodeIgniter\CodeIgniter->handleRequest(NULL, Object(Config\Cache), false)
#8 C:\xampp\htdocs\playground\public\index.php(37): CodeIgniter\CodeIgniter->run()
#9 C:\xampp\htdocs\playground\system\Commands\Server\rewrite.php(43): require_once('C:\\xampp\\htdocs...')
#10 {main}
CRITICAL - 2024-02-26 10:27:52 --> Undefined variable: dtpngjng
#0 C:\xampp\htdocs\playground\app\Views\t_daftar.php(15): CodeIgniter\Debug\Exceptions->errorHandler(8, 'Undefined varia...', 'C:\\xampp\\htdocs...', 15, Array)
#1 C:\xampp\htdocs\playground\system\View\View.php(210): include('C:\\xampp\\htdocs...')
#2 C:\xampp\htdocs\playground\system\View\View.php(213): CodeIgniter\View\View->CodeIgniter\View\{closure}()
#3 C:\xampp\htdocs\playground\system\Common.php(1089): CodeIgniter\View\View->render('t_daftar', Array, true)
#4 C:\xampp\htdocs\playground\app\Controllers\Home.php(73): view('t_daftar')
#5 C:\xampp\htdocs\playground\system\CodeIgniter.php(832): App\Controllers\Home->t_daftar()
#6 C:\xampp\htdocs\playground\system\CodeIgniter.php(419): CodeIgniter\CodeIgniter->runController(Object(App\Controllers\Home))
#7 C:\xampp\htdocs\playground\system\CodeIgniter.php(326): CodeIgniter\CodeIgniter->handleRequest(NULL, Object(Config\Cache), false)
#8 C:\xampp\htdocs\playground\public\index.php(37): CodeIgniter\CodeIgniter->run()
#9 C:\xampp\htdocs\playground\system\Commands\Server\rewrite.php(43): require_once('C:\\xampp\\htdocs...')
#10 {main}
CRITICAL - 2024-02-26 10:32:46 --> Invalid file: mainlist.php
#0 C:\xampp\htdocs\playground\system\View\View.php(198): CodeIgniter\Exceptions\FrameworkException::forInvalidFile('mainlist.php')
#1 C:\xampp\htdocs\playground\system\Common.php(1089): CodeIgniter\View\View->render('mainlist', Array, true)
#2 C:\xampp\htdocs\playground\app\Controllers\Home.php(160): view('mainlist')
#3 C:\xampp\htdocs\playground\system\CodeIgniter.php(832): App\Controllers\Home->main()
#4 C:\xampp\htdocs\playground\system\CodeIgniter.php(419): CodeIgniter\CodeIgniter->runController(Object(App\Controllers\Home))
#5 C:\xampp\htdocs\playground\system\CodeIgniter.php(326): CodeIgniter\CodeIgniter->handleRequest(NULL, Object(Config\Cache), false)
#6 C:\xampp\htdocs\playground\public\index.php(37): CodeIgniter\CodeIgniter->run()
#7 C:\xampp\htdocs\playground\system\Commands\Server\rewrite.php(43): require_once('C:\\xampp\\htdocs...')
#8 {main}
CRITICAL - 2024-02-26 10:32:48 --> Invalid file: mainlist.php
#0 C:\xampp\htdocs\playground\system\View\View.php(198): CodeIgniter\Exceptions\FrameworkException::forInvalidFile('mainlist.php')
#1 C:\xampp\htdocs\playground\system\Common.php(1089): CodeIgniter\View\View->render('mainlist', Array, true)
#2 C:\xampp\htdocs\playground\app\Controllers\Home.php(160): view('mainlist')
#3 C:\xampp\htdocs\playground\system\CodeIgniter.php(832): App\Controllers\Home->main()
#4 C:\xampp\htdocs\playground\system\CodeIgniter.php(419): CodeIgniter\CodeIgniter->runController(Object(App\Controllers\Home))
#5 C:\xampp\htdocs\playground\system\CodeIgniter.php(326): CodeIgniter\CodeIgniter->handleRequest(NULL, Object(Config\Cache), false)
#6 C:\xampp\htdocs\playground\public\index.php(37): CodeIgniter\CodeIgniter->run()
#7 C:\xampp\htdocs\playground\system\Commands\Server\rewrite.php(43): require_once('C:\\xampp\\htdocs...')
#8 {main}
CRITICAL - 2024-02-26 10:33:17 --> Undefined variable: dt
#0 C:\xampp\htdocs\playground\app\Views\mainlist.php(38): CodeIgniter\Debug\Exceptions->errorHandler(8, 'Undefined varia...', 'C:\\xampp\\htdocs...', 38, Array)
#1 C:\xampp\htdocs\playground\system\View\View.php(210): include('C:\\xampp\\htdocs...')
#2 C:\xampp\htdocs\playground\system\View\View.php(213): CodeIgniter\View\View->CodeIgniter\View\{closure}()
#3 C:\xampp\htdocs\playground\system\Common.php(1089): CodeIgniter\View\View->render('mainlist', Array, true)
#4 C:\xampp\htdocs\playground\app\Controllers\Home.php(160): view('mainlist')
#5 C:\xampp\htdocs\playground\system\CodeIgniter.php(832): App\Controllers\Home->main()
#6 C:\xampp\htdocs\playground\system\CodeIgniter.php(419): CodeIgniter\CodeIgniter->runController(Object(App\Controllers\Home))
#7 C:\xampp\htdocs\playground\system\CodeIgniter.php(326): CodeIgniter\CodeIgniter->handleRequest(NULL, Object(Config\Cache), false)
#8 C:\xampp\htdocs\playground\public\index.php(37): CodeIgniter\CodeIgniter->run()
#9 C:\xampp\htdocs\playground\system\Commands\Server\rewrite.php(43): require_once('C:\\xampp\\htdocs...')
#10 {main}
CRITICAL - 2024-02-26 10:33:36 --> Undefined property: stdClass::$pengunjung
#0 C:\xampp\htdocs\playground\app\Views\mainlist.php(45): CodeIgniter\Debug\Exceptions->errorHandler(8, 'Undefined prope...', 'C:\\xampp\\htdocs...', 45, Array)
#1 C:\xampp\htdocs\playground\system\View\View.php(210): include('C:\\xampp\\htdocs...')
#2 C:\xampp\htdocs\playground\system\View\View.php(213): CodeIgniter\View\View->CodeIgniter\View\{closure}()
#3 C:\xampp\htdocs\playground\system\Common.php(1089): CodeIgniter\View\View->render('mainlist', Array, true)
#4 C:\xampp\htdocs\playground\app\Controllers\Home.php(160): view('mainlist', Array)
#5 C:\xampp\htdocs\playground\system\CodeIgniter.php(832): App\Controllers\Home->main()
#6 C:\xampp\htdocs\playground\system\CodeIgniter.php(419): CodeIgniter\CodeIgniter->runController(Object(App\Controllers\Home))
#7 C:\xampp\htdocs\playground\system\CodeIgniter.php(326): CodeIgniter\CodeIgniter->handleRequest(NULL, Object(Config\Cache), false)
#8 C:\xampp\htdocs\playground\public\index.php(37): CodeIgniter\CodeIgniter->run()
#9 C:\xampp\htdocs\playground\system\Commands\Server\rewrite.php(43): require_once('C:\\xampp\\htdocs...')
#10 {main}
CRITICAL - 2024-02-26 10:33:50 --> Undefined variable: inputDate
#0 C:\xampp\htdocs\playground\app\Views\mainlist.php(57): CodeIgniter\Debug\Exceptions->errorHandler(8, 'Undefined varia...', 'C:\\xampp\\htdocs...', 57, Array)
#1 C:\xampp\htdocs\playground\system\View\View.php(210): include('C:\\xampp\\htdocs...')
#2 C:\xampp\htdocs\playground\system\View\View.php(213): CodeIgniter\View\View->CodeIgniter\View\{closure}()
#3 C:\xampp\htdocs\playground\system\Common.php(1089): CodeIgniter\View\View->render('mainlist', Array, true)
#4 C:\xampp\htdocs\playground\app\Controllers\Home.php(160): view('mainlist', Array)
#5 C:\xampp\htdocs\playground\system\CodeIgniter.php(832): App\Controllers\Home->main()
#6 C:\xampp\htdocs\playground\system\CodeIgniter.php(419): CodeIgniter\CodeIgniter->runController(Object(App\Controllers\Home))
#7 C:\xampp\htdocs\playground\system\CodeIgniter.php(326): CodeIgniter\CodeIgniter->handleRequest(NULL, Object(Config\Cache), false)
#8 C:\xampp\htdocs\playground\public\index.php(37): CodeIgniter\CodeIgniter->run()
#9 C:\xampp\htdocs\playground\system\Commands\Server\rewrite.php(43): require_once('C:\\xampp\\htdocs...')
#10 {main}
ERROR - 2024-02-26 11:41:44 --> Unknown column 'id_transaksir' in 'field list'
CRITICAL - 2024-02-26 11:41:44 --> Unknown column 'id_transaksir' in 'field list'
#0 C:\xampp\htdocs\playground\system\Database\MySQLi\Connection.php(292): mysqli->query('INSERT INTO `ba...', 0)
#1 C:\xampp\htdocs\playground\system\Database\BaseConnection.php(670): CodeIgniter\Database\MySQLi\Connection->execute('INSERT INTO `ba...')
#2 C:\xampp\htdocs\playground\system\Database\BaseConnection.php(598): CodeIgniter\Database\BaseConnection->simpleQuery('INSERT INTO `ba...')
#3 C:\xampp\htdocs\playground\system\Database\BaseBuilder.php(1771): CodeIgniter\Database\BaseConnection->query('INSERT INTO `ba...', Array, false)
#4 C:\xampp\htdocs\playground\app\Models\M_model.php(39): CodeIgniter\Database\BaseBuilder->insert(Array)
#5 C:\xampp\htdocs\playground\app\Controllers\Home.php(181): App\Models\M_model->input('bayar', Array)
#6 C:\xampp\htdocs\playground\system\CodeIgniter.php(832): App\Controllers\Home->pb_trans()
#7 C:\xampp\htdocs\playground\system\CodeIgniter.php(419): CodeIgniter\CodeIgniter->runController(Object(App\Controllers\Home))
#8 C:\xampp\htdocs\playground\system\CodeIgniter.php(326): CodeIgniter\CodeIgniter->handleRequest(NULL, Object(Config\Cache), false)
#9 C:\xampp\htdocs\playground\public\index.php(37): CodeIgniter\CodeIgniter->run()
#10 C:\xampp\htdocs\playground\system\Commands\Server\rewrite.php(43): require_once('C:\\xampp\\htdocs...')
#11 {main}
CRITICAL - 2024-02-26 11:44:46 --> syntax error, unexpected '}'
#0 C:\xampp\htdocs\playground\system\Router\Router.php(175): CodeIgniter\Router\Router->autoRoute('home/pengunjung')
#1 C:\xampp\htdocs\playground\system\CodeIgniter.php(726): CodeIgniter\Router\Router->handle('home/pengunjung')
#2 C:\xampp\htdocs\playground\system\CodeIgniter.php(368): CodeIgniter\CodeIgniter->tryToRouteIt(Object(CodeIgniter\Router\RouteCollection))
#3 C:\xampp\htdocs\playground\system\CodeIgniter.php(326): CodeIgniter\CodeIgniter->handleRequest(NULL, Object(Config\Cache), false)
#4 C:\xampp\htdocs\playground\public\index.php(37): CodeIgniter\CodeIgniter->run()
#5 C:\xampp\htdocs\playground\system\Commands\Server\rewrite.php(43): require_once('C:\\xampp\\htdocs...')
#6 {main}
CRITICAL - 2024-02-26 11:52:26 --> Undefined offset: 0
#0 C:\xampp\htdocs\playground\app\Controllers\Home.php(183): CodeIgniter\Debug\Exceptions->errorHandler(8, 'Undefined offse...', 'C:\\xampp\\htdocs...', 183, Array)
#1 C:\xampp\htdocs\playground\system\CodeIgniter.php(832): App\Controllers\Home->printData('7')
#2 C:\xampp\htdocs\playground\system\CodeIgniter.php(419): CodeIgniter\CodeIgniter->runController(Object(App\Controllers\Home))
#3 C:\xampp\htdocs\playground\system\CodeIgniter.php(326): CodeIgniter\CodeIgniter->handleRequest(NULL, Object(Config\Cache), false)
#4 C:\xampp\htdocs\playground\public\index.php(37): CodeIgniter\CodeIgniter->run()
#5 C:\xampp\htdocs\playground\system\Commands\Server\rewrite.php(43): require_once('C:\\xampp\\htdocs...')
#6 {main}
CRITICAL - 2024-02-26 12:05:45 --> Undefined property: stdClass::$idd
#0 C:\xampp\htdocs\playground\app\Views\mainlist.php(63): CodeIgniter\Debug\Exceptions->errorHandler(8, 'Undefined prope...', 'C:\\xampp\\htdocs...', 63, Array)
#1 C:\xampp\htdocs\playground\system\View\View.php(210): include('C:\\xampp\\htdocs...')
#2 C:\xampp\htdocs\playground\system\View\View.php(213): CodeIgniter\View\View->CodeIgniter\View\{closure}()
#3 C:\xampp\htdocs\playground\system\Common.php(1089): CodeIgniter\View\View->render('mainlist', Array, true)
#4 C:\xampp\htdocs\playground\app\Controllers\Home.php(170): view('mainlist', Array)
#5 C:\xampp\htdocs\playground\system\CodeIgniter.php(832): App\Controllers\Home->main()
#6 C:\xampp\htdocs\playground\system\CodeIgniter.php(419): CodeIgniter\CodeIgniter->runController(Object(App\Controllers\Home))
#7 C:\xampp\htdocs\playground\system\CodeIgniter.php(326): CodeIgniter\CodeIgniter->handleRequest(NULL, Object(Config\Cache), false)
#8 C:\xampp\htdocs\playground\public\index.php(37): CodeIgniter\CodeIgniter->run()
#9 C:\xampp\htdocs\playground\system\Commands\Server\rewrite.php(43): require_once('C:\\xampp\\htdocs...')
#10 {main}
CRITICAL - 2024-02-26 12:11:43 --> Undefined offset: 0
#0 C:\xampp\htdocs\playground\app\Views\struk.php(9): CodeIgniter\Debug\Exceptions->errorHandler(8, 'Undefined offse...', 'C:\\xampp\\htdocs...', 9, Array)
#1 C:\xampp\htdocs\playground\system\View\View.php(210): include('C:\\xampp\\htdocs...')
#2 C:\xampp\htdocs\playground\system\View\View.php(213): CodeIgniter\View\View->CodeIgniter\View\{closure}()
#3 C:\xampp\htdocs\playground\system\Common.php(1089): CodeIgniter\View\View->render('struk', Array, true)
#4 C:\xampp\htdocs\playground\app\Controllers\Home.php(197): view('struk', Array)
#5 C:\xampp\htdocs\playground\system\CodeIgniter.php(832): App\Controllers\Home->printData('7')
#6 C:\xampp\htdocs\playground\system\CodeIgniter.php(419): CodeIgniter\CodeIgniter->runController(Object(App\Controllers\Home))
#7 C:\xampp\htdocs\playground\system\CodeIgniter.php(326): CodeIgniter\CodeIgniter->handleRequest(NULL, Object(Config\Cache), false)
#8 C:\xampp\htdocs\playground\public\index.php(37): CodeIgniter\CodeIgniter->run()
#9 C:\xampp\htdocs\playground\system\Commands\Server\rewrite.php(43): require_once('C:\\xampp\\htdocs...')
#10 {main}
CRITICAL - 2024-02-26 12:11:50 --> Undefined index: NamaPengurusan
#0 C:\xampp\htdocs\playground\app\Views\struk.php(9): CodeIgniter\Debug\Exceptions->errorHandler(8, 'Undefined index...', 'C:\\xampp\\htdocs...', 9, Array)
#1 C:\xampp\htdocs\playground\system\View\View.php(210): include('C:\\xampp\\htdocs...')
#2 C:\xampp\htdocs\playground\system\View\View.php(213): CodeIgniter\View\View->CodeIgniter\View\{closure}()
#3 C:\xampp\htdocs\playground\system\Common.php(1089): CodeIgniter\View\View->render('struk', Array, true)
#4 C:\xampp\htdocs\playground\app\Controllers\Home.php(197): view('struk', Array)
#5 C:\xampp\htdocs\playground\system\CodeIgniter.php(832): App\Controllers\Home->printData('7')
#6 C:\xampp\htdocs\playground\system\CodeIgniter.php(419): CodeIgniter\CodeIgniter->runController(Object(App\Controllers\Home))
#7 C:\xampp\htdocs\playground\system\CodeIgniter.php(326): CodeIgniter\CodeIgniter->handleRequest(NULL, Object(Config\Cache), false)
#8 C:\xampp\htdocs\playground\public\index.php(37): CodeIgniter\CodeIgniter->run()
#9 C:\xampp\htdocs\playground\system\Commands\Server\rewrite.php(43): require_once('C:\\xampp\\htdocs...')
#10 {main}
CRITICAL - 2024-02-26 12:15:54 --> Undefined variable: dt
#0 C:\xampp\htdocs\playground\app\Views\laporanharian.php(41): CodeIgniter\Debug\Exceptions->errorHandler(8, 'Undefined varia...', 'C:\\xampp\\htdocs...', 41, Array)
#1 C:\xampp\htdocs\playground\system\View\View.php(210): include('C:\\xampp\\htdocs...')
#2 C:\xampp\htdocs\playground\system\View\View.php(213): CodeIgniter\View\View->CodeIgniter\View\{closure}()
#3 C:\xampp\htdocs\playground\system\Common.php(1089): CodeIgniter\View\View->render('laporanharian', Array, true)
#4 C:\xampp\htdocs\playground\app\Controllers\Home.php(226): view('laporanharian', Array)
#5 C:\xampp\htdocs\playground\system\CodeIgniter.php(832): App\Controllers\Home->laporanHarian()
#6 C:\xampp\htdocs\playground\system\CodeIgniter.php(419): CodeIgniter\CodeIgniter->runController(Object(App\Controllers\Home))
#7 C:\xampp\htdocs\playground\system\CodeIgniter.php(326): CodeIgniter\CodeIgniter->handleRequest(NULL, Object(Config\Cache), false)
#8 C:\xampp\htdocs\playground\public\index.php(37): CodeIgniter\CodeIgniter->run()
#9 C:\xampp\htdocs\playground\system\Commands\Server\rewrite.php(43): require_once('C:\\xampp\\htdocs...')
#10 {main}
CRITICAL - 2024-02-26 12:22:03 --> Undefined offset: 0
#0 C:\xampp\htdocs\playground\app\Controllers\Home.php(192): CodeIgniter\Debug\Exceptions->errorHandler(8, 'Undefined offse...', 'C:\\xampp\\htdocs...', 192, Array)
#1 C:\xampp\htdocs\playground\system\CodeIgniter.php(832): App\Controllers\Home->printData('1')
#2 C:\xampp\htdocs\playground\system\CodeIgniter.php(419): CodeIgniter\CodeIgniter->runController(Object(App\Controllers\Home))
#3 C:\xampp\htdocs\playground\system\CodeIgniter.php(326): CodeIgniter\CodeIgniter->handleRequest(NULL, Object(Config\Cache), false)
#4 C:\xampp\htdocs\playground\public\index.php(37): CodeIgniter\CodeIgniter->run()
#5 C:\xampp\htdocs\playground\system\Commands\Server\rewrite.php(43): require_once('C:\\xampp\\htdocs...')
#6 {main}
CRITICAL - 2024-02-26 12:22:20 --> Undefined offset: 0
#0 C:\xampp\htdocs\playground\app\Controllers\Home.php(192): CodeIgniter\Debug\Exceptions->errorHandler(8, 'Undefined offse...', 'C:\\xampp\\htdocs...', 192, Array)
#1 C:\xampp\htdocs\playground\system\CodeIgniter.php(832): App\Controllers\Home->printData('1')
#2 C:\xampp\htdocs\playground\system\CodeIgniter.php(419): CodeIgniter\CodeIgniter->runController(Object(App\Controllers\Home))
#3 C:\xampp\htdocs\playground\system\CodeIgniter.php(326): CodeIgniter\CodeIgniter->handleRequest(NULL, Object(Config\Cache), false)
#4 C:\xampp\htdocs\playground\public\index.php(37): CodeIgniter\CodeIgniter->run()
#5 C:\xampp\htdocs\playground\system\Commands\Server\rewrite.php(43): require_once('C:\\xampp\\htdocs...')
#6 {main}
CRITICAL - 2024-02-26 12:22:46 --> Undefined offset: 0
#0 C:\xampp\htdocs\playground\app\Controllers\Home.php(192): CodeIgniter\Debug\Exceptions->errorHandler(8, 'Undefined offse...', 'C:\\xampp\\htdocs...', 192, Array)
#1 C:\xampp\htdocs\playground\system\CodeIgniter.php(832): App\Controllers\Home->printData('1')
#2 C:\xampp\htdocs\playground\system\CodeIgniter.php(419): CodeIgniter\CodeIgniter->runController(Object(App\Controllers\Home))
#3 C:\xampp\htdocs\playground\system\CodeIgniter.php(326): CodeIgniter\CodeIgniter->handleRequest(NULL, Object(Config\Cache), false)
#4 C:\xampp\htdocs\playground\public\index.php(37): CodeIgniter\CodeIgniter->run()
#5 C:\xampp\htdocs\playground\system\Commands\Server\rewrite.php(43): require_once('C:\\xampp\\htdocs...')
#6 {main}
CRITICAL - 2024-02-26 12:22:59 --> Undefined offset: 0
#0 C:\xampp\htdocs\playground\app\Controllers\Home.php(192): CodeIgniter\Debug\Exceptions->errorHandler(8, 'Undefined offse...', 'C:\\xampp\\htdocs...', 192, Array)
#1 C:\xampp\htdocs\playground\system\CodeIgniter.php(832): App\Controllers\Home->printData('1')
#2 C:\xampp\htdocs\playground\system\CodeIgniter.php(419): CodeIgniter\CodeIgniter->runController(Object(App\Controllers\Home))
#3 C:\xampp\htdocs\playground\system\CodeIgniter.php(326): CodeIgniter\CodeIgniter->handleRequest(NULL, Object(Config\Cache), false)
#4 C:\xampp\htdocs\playground\public\index.php(37): CodeIgniter\CodeIgniter->run()
#5 C:\xampp\htdocs\playground\system\Commands\Server\rewrite.php(43): require_once('C:\\xampp\\htdocs...')
#6 {main}
CRITICAL - 2024-02-26 12:23:01 --> Undefined property: stdClass::$idd
#0 C:\xampp\htdocs\playground\app\Views\laporanharian.php(70): CodeIgniter\Debug\Exceptions->errorHandler(8, 'Undefined prope...', 'C:\\xampp\\htdocs...', 70, Array)
#1 C:\xampp\htdocs\playground\system\View\View.php(210): include('C:\\xampp\\htdocs...')
#2 C:\xampp\htdocs\playground\system\View\View.php(213): CodeIgniter\View\View->CodeIgniter\View\{closure}()
#3 C:\xampp\htdocs\playground\system\Common.php(1089): CodeIgniter\View\View->render('laporanharian', Array, true)
#4 C:\xampp\htdocs\playground\app\Controllers\Home.php(227): view('laporanharian', Array)
#5 C:\xampp\htdocs\playground\system\CodeIgniter.php(832): App\Controllers\Home->laporanHarian()
#6 C:\xampp\htdocs\playground\system\CodeIgniter.php(419): CodeIgniter\CodeIgniter->runController(Object(App\Controllers\Home))
#7 C:\xampp\htdocs\playground\system\CodeIgniter.php(326): CodeIgniter\CodeIgniter->handleRequest(NULL, Object(Config\Cache), false)
#8 C:\xampp\htdocs\playground\public\index.php(37): CodeIgniter\CodeIgniter->run()
#9 C:\xampp\htdocs\playground\system\Commands\Server\rewrite.php(43): require_once('C:\\xampp\\htdocs...')
#10 {main}
CRITICAL - 2024-02-26 12:23:17 --> Undefined property: stdClass::$idd
#0 C:\xampp\htdocs\playground\app\Views\laporanharian.php(70): CodeIgniter\Debug\Exceptions->errorHandler(8, 'Undefined prope...', 'C:\\xampp\\htdocs...', 70, Array)
#1 C:\xampp\htdocs\playground\system\View\View.php(210): include('C:\\xampp\\htdocs...')
#2 C:\xampp\htdocs\playground\system\View\View.php(213): CodeIgniter\View\View->CodeIgniter\View\{closure}()
#3 C:\xampp\htdocs\playground\system\Common.php(1089): CodeIgniter\View\View->render('laporanharian', Array, true)
#4 C:\xampp\htdocs\playground\app\Controllers\Home.php(227): view('laporanharian', Array)
#5 C:\xampp\htdocs\playground\system\CodeIgniter.php(832): App\Controllers\Home->laporanHarian()
#6 C:\xampp\htdocs\playground\system\CodeIgniter.php(419): CodeIgniter\CodeIgniter->runController(Object(App\Controllers\Home))
#7 C:\xampp\htdocs\playground\system\CodeIgniter.php(326): CodeIgniter\CodeIgniter->handleRequest(NULL, Object(Config\Cache), false)
#8 C:\xampp\htdocs\playground\public\index.php(37): CodeIgniter\CodeIgniter->run()
#9 C:\xampp\htdocs\playground\system\Commands\Server\rewrite.php(43): require_once('C:\\xampp\\htdocs...')
#10 {main}
CRITICAL - 2024-02-26 12:25:18 --> Undefined offset: 0
#0 C:\xampp\htdocs\playground\app\Controllers\Home.php(192): CodeIgniter\Debug\Exceptions->errorHandler(8, 'Undefined offse...', 'C:\\xampp\\htdocs...', 192, Array)
#1 C:\xampp\htdocs\playground\system\CodeIgniter.php(832): App\Controllers\Home->printData('1')
#2 C:\xampp\htdocs\playground\system\CodeIgniter.php(419): CodeIgniter\CodeIgniter->runController(Object(App\Controllers\Home))
#3 C:\xampp\htdocs\playground\system\CodeIgniter.php(326): CodeIgniter\CodeIgniter->handleRequest(NULL, Object(Config\Cache), false)
#4 C:\xampp\htdocs\playground\public\index.php(37): CodeIgniter\CodeIgniter->run()
#5 C:\xampp\htdocs\playground\system\Commands\Server\rewrite.php(43): require_once('C:\\xampp\\htdocs...')
#6 {main}
CRITICAL - 2024-02-26 12:43:37 --> syntax error, unexpected 'foreach' (T_FOREACH), expecting ';' or ','
#0 C:\xampp\htdocs\playground\system\View\View.php(213): CodeIgniter\View\View->CodeIgniter\View\{closure}()
#1 C:\xampp\htdocs\playground\system\Common.php(1089): CodeIgniter\View\View->render('laporanharian', Array, true)
#2 C:\xampp\htdocs\playground\app\Controllers\Home.php(239): view('laporanharian', Array)
#3 C:\xampp\htdocs\playground\system\CodeIgniter.php(832): App\Controllers\Home->FilterlaporanHarian()
#4 C:\xampp\htdocs\playground\system\CodeIgniter.php(419): CodeIgniter\CodeIgniter->runController(Object(App\Controllers\Home))
#5 C:\xampp\htdocs\playground\system\CodeIgniter.php(326): CodeIgniter\CodeIgniter->handleRequest(NULL, Object(Config\Cache), false)
#6 C:\xampp\htdocs\playground\public\index.php(37): CodeIgniter\CodeIgniter->run()
#7 C:\xampp\htdocs\playground\system\Commands\Server\rewrite.php(43): require_once('C:\\xampp\\htdocs...')
#8 {main}
CRITICAL - 2024-02-26 12:43:45 --> syntax error, unexpected end of file
#0 C:\xampp\htdocs\playground\system\View\View.php(213): CodeIgniter\View\View->CodeIgniter\View\{closure}()
#1 C:\xampp\htdocs\playground\system\Common.php(1089): CodeIgniter\View\View->render('laporanharian', Array, true)
#2 C:\xampp\htdocs\playground\app\Controllers\Home.php(239): view('laporanharian', Array)
#3 C:\xampp\htdocs\playground\system\CodeIgniter.php(832): App\Controllers\Home->FilterlaporanHarian()
#4 C:\xampp\htdocs\playground\system\CodeIgniter.php(419): CodeIgniter\CodeIgniter->runController(Object(App\Controllers\Home))
#5 C:\xampp\htdocs\playground\system\CodeIgniter.php(326): CodeIgniter\CodeIgniter->handleRequest(NULL, Object(Config\Cache), false)
#6 C:\xampp\htdocs\playground\public\index.php(37): CodeIgniter\CodeIgniter->run()
#7 C:\xampp\htdocs\playground\system\Commands\Server\rewrite.php(43): require_once('C:\\xampp\\htdocs...')
#8 {main}
CRITICAL - 2024-02-26 12:43:56 --> syntax error, unexpected '}', expecting ';'
#0 C:\xampp\htdocs\playground\system\View\View.php(213): CodeIgniter\View\View->CodeIgniter\View\{closure}()
#1 C:\xampp\htdocs\playground\system\Common.php(1089): CodeIgniter\View\View->render('laporanharian', Array, true)
#2 C:\xampp\htdocs\playground\app\Controllers\Home.php(239): view('laporanharian', Array)
#3 C:\xampp\htdocs\playground\system\CodeIgniter.php(832): App\Controllers\Home->FilterlaporanHarian()
#4 C:\xampp\htdocs\playground\system\CodeIgniter.php(419): CodeIgniter\CodeIgniter->runController(Object(App\Controllers\Home))
#5 C:\xampp\htdocs\playground\system\CodeIgniter.php(326): CodeIgniter\CodeIgniter->handleRequest(NULL, Object(Config\Cache), false)
#6 C:\xampp\htdocs\playground\public\index.php(37): CodeIgniter\CodeIgniter->run()
#7 C:\xampp\htdocs\playground\system\Commands\Server\rewrite.php(43): require_once('C:\\xampp\\htdocs...')
#8 {main}
CRITICAL - 2024-02-26 21:33:39 --> Undefined variable: dt
#0 C:\xampp\htdocs\playground\app\Views\laporanharian.php(60): CodeIgniter\Debug\Exceptions->errorHandler(8, 'Undefined varia...', 'C:\\xampp\\htdocs...', 60, Array)
#1 C:\xampp\htdocs\playground\system\View\View.php(210): include('C:\\xampp\\htdocs...')
#2 C:\xampp\htdocs\playground\system\View\View.php(213): CodeIgniter\View\View->CodeIgniter\View\{closure}()
#3 C:\xampp\htdocs\playground\system\Common.php(1089): CodeIgniter\View\View->render('laporanharian', Array, true)
#4 C:\xampp\htdocs\playground\app\Controllers\Home.php(247): view('laporanharian')
#5 C:\xampp\htdocs\playground\system\CodeIgniter.php(832): App\Controllers\Home->laporan_keuangan()
#6 C:\xampp\htdocs\playground\system\CodeIgniter.php(419): CodeIgniter\CodeIgniter->runController(Object(App\Controllers\Home))
#7 C:\xampp\htdocs\playground\system\CodeIgniter.php(326): CodeIgniter\CodeIgniter->handleRequest(NULL, Object(Config\Cache), false)
#8 C:\xampp\htdocs\playground\public\index.php(37): CodeIgniter\CodeIgniter->run()
#9 C:\xampp\htdocs\playground\system\Commands\Server\rewrite.php(43): require_once('C:\\xampp\\htdocs...')
#10 {main}
CRITICAL - 2024-02-26 21:37:21 --> A non well formed numeric value encountered
#0 [internal function]: CodeIgniter\Debug\Exceptions->errorHandler(8, 'A non well form...', 'C:\\xampp\\htdocs...', 234, Array)
#1 C:\xampp\htdocs\playground\app\Controllers\Home.php(234): date('Y-m-d', '2024-02-25')
#2 C:\xampp\htdocs\playground\system\CodeIgniter.php(832): App\Controllers\Home->FilterlaporanHarian()
#3 C:\xampp\htdocs\playground\system\CodeIgniter.php(419): CodeIgniter\CodeIgniter->runController(Object(App\Controllers\Home))
#4 C:\xampp\htdocs\playground\system\CodeIgniter.php(326): CodeIgniter\CodeIgniter->handleRequest(NULL, Object(Config\Cache), false)
#5 C:\xampp\htdocs\playground\public\index.php(37): CodeIgniter\CodeIgniter->run()
#6 C:\xampp\htdocs\playground\system\Commands\Server\rewrite.php(43): require_once('C:\\xampp\\htdocs...')
#7 {main}
CRITICAL - 2024-02-26 21:37:26 --> A non well formed numeric value encountered
#0 [internal function]: CodeIgniter\Debug\Exceptions->errorHandler(8, 'A non well form...', 'C:\\xampp\\htdocs...', 234, Array)
#1 C:\xampp\htdocs\playground\app\Controllers\Home.php(234): date('Y-m-d', '2024-02-26')
#2 C:\xampp\htdocs\playground\system\CodeIgniter.php(832): App\Controllers\Home->FilterlaporanHarian()
#3 C:\xampp\htdocs\playground\system\CodeIgniter.php(419): CodeIgniter\CodeIgniter->runController(Object(App\Controllers\Home))
#4 C:\xampp\htdocs\playground\system\CodeIgniter.php(326): CodeIgniter\CodeIgniter->handleRequest(NULL, Object(Config\Cache), false)
#5 C:\xampp\htdocs\playground\public\index.php(37): CodeIgniter\CodeIgniter->run()
#6 C:\xampp\htdocs\playground\system\Commands\Server\rewrite.php(43): require_once('C:\\xampp\\htdocs...')
#7 {main}
CRITICAL - 2024-02-26 21:37:39 --> A non well formed numeric value encountered
#0 [internal function]: CodeIgniter\Debug\Exceptions->errorHandler(8, 'A non well form...', 'C:\\xampp\\htdocs...', 234, Array)
#1 C:\xampp\htdocs\playground\app\Controllers\Home.php(234): date('Y-m-d', '2024-02-27')
#2 C:\xampp\htdocs\playground\system\CodeIgniter.php(832): App\Controllers\Home->FilterlaporanHarian()
#3 C:\xampp\htdocs\playground\system\CodeIgniter.php(419): CodeIgniter\CodeIgniter->runController(Object(App\Controllers\Home))
#4 C:\xampp\htdocs\playground\system\CodeIgniter.php(326): CodeIgniter\CodeIgniter->handleRequest(NULL, Object(Config\Cache), false)
#5 C:\xampp\htdocs\playground\public\index.php(37): CodeIgniter\CodeIgniter->run()
#6 C:\xampp\htdocs\playground\system\Commands\Server\rewrite.php(43): require_once('C:\\xampp\\htdocs...')
#7 {main}
CRITICAL - 2024-02-26 21:39:49 --> A non well formed numeric value encountered
#0 [internal function]: CodeIgniter\Debug\Exceptions->errorHandler(8, 'A non well form...', 'C:\\xampp\\htdocs...', 234, Array)
#1 C:\xampp\htdocs\playground\app\Controllers\Home.php(234): date('Y-m-d', '2024-02-27')
#2 C:\xampp\htdocs\playground\system\CodeIgniter.php(832): App\Controllers\Home->FilterlaporanHarian()
#3 C:\xampp\htdocs\playground\system\CodeIgniter.php(419): CodeIgniter\CodeIgniter->runController(Object(App\Controllers\Home))
#4 C:\xampp\htdocs\playground\system\CodeIgniter.php(326): CodeIgniter\CodeIgniter->handleRequest(NULL, Object(Config\Cache), false)
#5 C:\xampp\htdocs\playground\public\index.php(37): CodeIgniter\CodeIgniter->run()
#6 C:\xampp\htdocs\playground\system\Commands\Server\rewrite.php(43): require_once('C:\\xampp\\htdocs...')
#7 {main}
CRITICAL - 2024-02-26 21:40:13 --> A non well formed numeric value encountered
#0 [internal function]: CodeIgniter\Debug\Exceptions->errorHandler(8, 'A non well form...', 'C:\\xampp\\htdocs...', 234, Array)
#1 C:\xampp\htdocs\playground\app\Controllers\Home.php(234): date('Y-m-d', '2024-02-26')
#2 C:\xampp\htdocs\playground\system\CodeIgniter.php(832): App\Controllers\Home->FilterlaporanHarian()
#3 C:\xampp\htdocs\playground\system\CodeIgniter.php(419): CodeIgniter\CodeIgniter->runController(Object(App\Controllers\Home))
#4 C:\xampp\htdocs\playground\system\CodeIgniter.php(326): CodeIgniter\CodeIgniter->handleRequest(NULL, Object(Config\Cache), false)
#5 C:\xampp\htdocs\playground\public\index.php(37): CodeIgniter\CodeIgniter->run()
#6 C:\xampp\htdocs\playground\system\Commands\Server\rewrite.php(43): require_once('C:\\xampp\\htdocs...')
#7 {main}
CRITICAL - 2024-02-26 21:40:26 --> A non well formed numeric value encountered
#0 [internal function]: CodeIgniter\Debug\Exceptions->errorHandler(8, 'A non well form...', 'C:\\xampp\\htdocs...', 234, Array)
#1 C:\xampp\htdocs\playground\app\Controllers\Home.php(234): date('Y-m-d', '2024-02-26')
#2 C:\xampp\htdocs\playground\system\CodeIgniter.php(832): App\Controllers\Home->FilterlaporanHarian()
#3 C:\xampp\htdocs\playground\system\CodeIgniter.php(419): CodeIgniter\CodeIgniter->runController(Object(App\Controllers\Home))
#4 C:\xampp\htdocs\playground\system\CodeIgniter.php(326): CodeIgniter\CodeIgniter->handleRequest(NULL, Object(Config\Cache), false)
#5 C:\xampp\htdocs\playground\public\index.php(37): CodeIgniter\CodeIgniter->run()
#6 C:\xampp\htdocs\playground\system\Commands\Server\rewrite.php(43): require_once('C:\\xampp\\htdocs...')
#7 {main}
CRITICAL - 2024-02-26 21:41:29 --> Undefined variable: xdate
#0 C:\xampp\htdocs\playground\app\Controllers\Home.php(235): CodeIgniter\Debug\Exceptions->errorHandler(8, 'Undefined varia...', 'C:\\xampp\\htdocs...', 235, Array)
#1 C:\xampp\htdocs\playground\system\CodeIgniter.php(832): App\Controllers\Home->FilterlaporanHarian()
#2 C:\xampp\htdocs\playground\system\CodeIgniter.php(419): CodeIgniter\CodeIgniter->runController(Object(App\Controllers\Home))
#3 C:\xampp\htdocs\playground\system\CodeIgniter.php(326): CodeIgniter\CodeIgniter->handleRequest(NULL, Object(Config\Cache), false)
#4 C:\xampp\htdocs\playground\public\index.php(37): CodeIgniter\CodeIgniter->run()
#5 C:\xampp\htdocs\playground\system\Commands\Server\rewrite.php(43): require_once('C:\\xampp\\htdocs...')
#6 {main}
CRITICAL - 2024-02-26 21:41:39 --> A non well formed numeric value encountered
#0 [internal function]: CodeIgniter\Debug\Exceptions->errorHandler(8, 'A non well form...', 'C:\\xampp\\htdocs...', 234, Array)
#1 C:\xampp\htdocs\playground\app\Controllers\Home.php(234): date('Y-m-d', '2024-02-19')
#2 C:\xampp\htdocs\playground\system\CodeIgniter.php(832): App\Controllers\Home->FilterlaporanHarian()
#3 C:\xampp\htdocs\playground\system\CodeIgniter.php(419): CodeIgniter\CodeIgniter->runController(Object(App\Controllers\Home))
#4 C:\xampp\htdocs\playground\system\CodeIgniter.php(326): CodeIgniter\CodeIgniter->handleRequest(NULL, Object(Config\Cache), false)
#5 C:\xampp\htdocs\playground\public\index.php(37): CodeIgniter\CodeIgniter->run()
#6 C:\xampp\htdocs\playground\system\Commands\Server\rewrite.php(43): require_once('C:\\xampp\\htdocs...')
#7 {main}
CRITICAL - 2024-02-26 21:46:50 --> A non well formed numeric value encountered
#0 [internal function]: CodeIgniter\Debug\Exceptions->errorHandler(8, 'A non well form...', 'C:\\xampp\\htdocs...', 234, Array)
#1 C:\xampp\htdocs\playground\app\Controllers\Home.php(234): date('Y-m-d', '2024-02-27')
#2 C:\xampp\htdocs\playground\system\CodeIgniter.php(832): App\Controllers\Home->FilterlaporanHarian()
#3 C:\xampp\htdocs\playground\system\CodeIgniter.php(419): CodeIgniter\CodeIgniter->runController(Object(App\Controllers\Home))
#4 C:\xampp\htdocs\playground\system\CodeIgniter.php(326): CodeIgniter\CodeIgniter->handleRequest(NULL, Object(Config\Cache), false)
#5 C:\xampp\htdocs\playground\public\index.php(37): CodeIgniter\CodeIgniter->run()
#6 C:\xampp\htdocs\playground\system\Commands\Server\rewrite.php(43): require_once('C:\\xampp\\htdocs...')
#7 {main}
CRITICAL - 2024-02-26 21:47:31 --> A non well formed numeric value encountered
#0 [internal function]: CodeIgniter\Debug\Exceptions->errorHandler(8, 'A non well form...', 'C:\\xampp\\htdocs...', 234, Array)
#1 C:\xampp\htdocs\playground\app\Controllers\Home.php(234): date('Y-m-d', '2024-02-27')
#2 C:\xampp\htdocs\playground\system\CodeIgniter.php(832): App\Controllers\Home->FilterlaporanHarian()
#3 C:\xampp\htdocs\playground\system\CodeIgniter.php(419): CodeIgniter\CodeIgniter->runController(Object(App\Controllers\Home))
#4 C:\xampp\htdocs\playground\system\CodeIgniter.php(326): CodeIgniter\CodeIgniter->handleRequest(NULL, Object(Config\Cache), false)
#5 C:\xampp\htdocs\playground\public\index.php(37): CodeIgniter\CodeIgniter->run()
#6 C:\xampp\htdocs\playground\system\Commands\Server\rewrite.php(43): require_once('C:\\xampp\\htdocs...')
#7 {main}
CRITICAL - 2024-02-26 21:52:45 --> A non well formed numeric value encountered
#0 [internal function]: CodeIgniter\Debug\Exceptions->errorHandler(8, 'A non well form...', 'C:\\xampp\\htdocs...', 234, Array)
#1 C:\xampp\htdocs\playground\app\Controllers\Home.php(234): date('Y-m-d', '2024-02-27')
#2 C:\xampp\htdocs\playground\system\CodeIgniter.php(832): App\Controllers\Home->FilterlaporanHarian()
#3 C:\xampp\htdocs\playground\system\CodeIgniter.php(419): CodeIgniter\CodeIgniter->runController(Object(App\Controllers\Home))
#4 C:\xampp\htdocs\playground\system\CodeIgniter.php(326): CodeIgniter\CodeIgniter->handleRequest(NULL, Object(Config\Cache), false)
#5 C:\xampp\htdocs\playground\public\index.php(37): CodeIgniter\CodeIgniter->run()
#6 C:\xampp\htdocs\playground\system\Commands\Server\rewrite.php(43): require_once('C:\\xampp\\htdocs...')
#7 {main}
