CRITICAL - 2024-02-27 01:07:20 --> Too few arguments to function App\Controllers\Home::delete_main(), 0 passed in C:\xampp\htdocs\playground\system\CodeIgniter.php on line 832 and exactly 1 expected
#0 C:\xampp\htdocs\playground\system\CodeIgniter.php(832): App\Controllers\Home->delete_main()
#1 C:\xampp\htdocs\playground\system\CodeIgniter.php(419): CodeIgniter\CodeIgniter->runController(Object(App\Controllers\Home))
#2 C:\xampp\htdocs\playground\system\CodeIgniter.php(326): CodeIgniter\CodeIgniter->handleRequest(NULL, Object(Config\Cache), false)
#3 C:\xampp\htdocs\playground\public\index.php(37): CodeIgniter\CodeIgniter->run()
#4 C:\xampp\htdocs\playground\system\Commands\Server\rewrite.php(43): require_once('C:\\xampp\\htdocs...')
#5 {main}
ERROR - 2024-02-27 01:31:02 --> Not unique table/alias: 'pengunjung'
CRITICAL - 2024-02-27 01:31:02 --> Not unique table/alias: 'pengunjung'
#0 C:\xampp\htdocs\playground\system\Database\MySQLi\Connection.php(292): mysqli->query('SELECT *\nFROM `...', 0)
#1 C:\xampp\htdocs\playground\system\Database\BaseConnection.php(670): CodeIgniter\Database\MySQLi\Connection->execute('SELECT *\nFROM `...')
#2 C:\xampp\htdocs\playground\system\Database\BaseConnection.php(598): CodeIgniter\Database\BaseConnection->simpleQuery('SELECT *\nFROM `...')
#3 C:\xampp\htdocs\playground\system\Database\BaseBuilder.php(1455): CodeIgniter\Database\BaseConnection->query('SELECT *\nFROM `...', Array, false)
#4 C:\xampp\htdocs\playground\app\Models\M_model.php(212): CodeIgniter\Database\BaseBuilder->get()
#5 C:\xampp\htdocs\playground\app\Controllers\Home.php(268): App\Models\M_model->filter_harian('pengunjung')
#6 C:\xampp\htdocs\playground\system\CodeIgniter.php(832): App\Controllers\Home->print_pdf()
#7 C:\xampp\htdocs\playground\system\CodeIgniter.php(419): CodeIgniter\CodeIgniter->runController(Object(App\Controllers\Home))
#8 C:\xampp\htdocs\playground\system\CodeIgniter.php(326): CodeIgniter\CodeIgniter->handleRequest(NULL, Object(Config\Cache), false)
#9 C:\xampp\htdocs\playground\public\index.php(37): CodeIgniter\CodeIgniter->run()
#10 C:\xampp\htdocs\playground\system\Commands\Server\rewrite.php(43): require_once('C:\\xampp\\htdocs...')
#11 {main}
ERROR - 2024-02-27 01:32:33 --> Not unique table/alias: 'pengunjung'
CRITICAL - 2024-02-27 01:32:33 --> Not unique table/alias: 'pengunjung'
#0 C:\xampp\htdocs\playground\system\Database\MySQLi\Connection.php(292): mysqli->query('SELECT *\nFROM `...', 0)
#1 C:\xampp\htdocs\playground\system\Database\BaseConnection.php(670): CodeIgniter\Database\MySQLi\Connection->execute('SELECT *\nFROM `...')
#2 C:\xampp\htdocs\playground\system\Database\BaseConnection.php(598): CodeIgniter\Database\BaseConnection->simpleQuery('SELECT *\nFROM `...')
#3 C:\xampp\htdocs\playground\system\Database\BaseBuilder.php(1455): CodeIgniter\Database\BaseConnection->query('SELECT *\nFROM `...', Array, false)
#4 C:\xampp\htdocs\playground\app\Models\M_model.php(212): CodeIgniter\Database\BaseBuilder->get()
#5 C:\xampp\htdocs\playground\app\Controllers\Home.php(268): App\Models\M_model->filter_harian('pengunjung')
#6 C:\xampp\htdocs\playground\system\CodeIgniter.php(832): App\Controllers\Home->print_pdf()
#7 C:\xampp\htdocs\playground\system\CodeIgniter.php(419): CodeIgniter\CodeIgniter->runController(Object(App\Controllers\Home))
#8 C:\xampp\htdocs\playground\system\CodeIgniter.php(326): CodeIgniter\CodeIgniter->handleRequest(NULL, Object(Config\Cache), false)
#9 C:\xampp\htdocs\playground\public\index.php(37): CodeIgniter\CodeIgniter->run()
#10 C:\xampp\htdocs\playground\system\Commands\Server\rewrite.php(43): require_once('C:\\xampp\\htdocs...')
#11 {main}
ERROR - 2024-02-27 01:36:16 --> Not unique table/alias: 'pengunjung'
CRITICAL - 2024-02-27 01:36:16 --> Not unique table/alias: 'pengunjung'
#0 C:\xampp\htdocs\playground\system\Database\MySQLi\Connection.php(292): mysqli->query('SELECT *\nFROM `...', 0)
#1 C:\xampp\htdocs\playground\system\Database\BaseConnection.php(670): CodeIgniter\Database\MySQLi\Connection->execute('SELECT *\nFROM `...')
#2 C:\xampp\htdocs\playground\system\Database\BaseConnection.php(598): CodeIgniter\Database\BaseConnection->simpleQuery('SELECT *\nFROM `...')
#3 C:\xampp\htdocs\playground\system\Database\BaseBuilder.php(1455): CodeIgniter\Database\BaseConnection->query('SELECT *\nFROM `...', Array, false)
#4 C:\xampp\htdocs\playground\app\Models\M_model.php(212): CodeIgniter\Database\BaseBuilder->get()
#5 C:\xampp\htdocs\playground\app\Controllers\Home.php(268): App\Models\M_model->filter_harian('pengunjung')
#6 C:\xampp\htdocs\playground\system\CodeIgniter.php(832): App\Controllers\Home->print_pdf()
#7 C:\xampp\htdocs\playground\system\CodeIgniter.php(419): CodeIgniter\CodeIgniter->runController(Object(App\Controllers\Home))
#8 C:\xampp\htdocs\playground\system\CodeIgniter.php(326): CodeIgniter\CodeIgniter->handleRequest(NULL, Object(Config\Cache), false)
#9 C:\xampp\htdocs\playground\public\index.php(37): CodeIgniter\CodeIgniter->run()
#10 C:\xampp\htdocs\playground\system\Commands\Server\rewrite.php(43): require_once('C:\\xampp\\htdocs...')
#11 {main}
ERROR - 2024-02-27 01:36:52 --> Unknown column 'pengunjung.daftar' in 'on clause'
CRITICAL - 2024-02-27 01:36:52 --> Unknown column 'pengunjung.daftar' in 'on clause'
#0 C:\xampp\htdocs\playground\system\Database\MySQLi\Connection.php(292): mysqli->query('SELECT *\nFROM `...', 0)
#1 C:\xampp\htdocs\playground\system\Database\BaseConnection.php(670): CodeIgniter\Database\MySQLi\Connection->execute('SELECT *\nFROM `...')
#2 C:\xampp\htdocs\playground\system\Database\BaseConnection.php(598): CodeIgniter\Database\BaseConnection->simpleQuery('SELECT *\nFROM `...')
#3 C:\xampp\htdocs\playground\system\Database\BaseBuilder.php(1455): CodeIgniter\Database\BaseConnection->query('SELECT *\nFROM `...', Array, false)
#4 C:\xampp\htdocs\playground\app\Models\M_model.php(212): CodeIgniter\Database\BaseBuilder->get()
#5 C:\xampp\htdocs\playground\app\Controllers\Home.php(268): App\Models\M_model->filter_harian('pengunjung')
#6 C:\xampp\htdocs\playground\system\CodeIgniter.php(832): App\Controllers\Home->print_pdf()
#7 C:\xampp\htdocs\playground\system\CodeIgniter.php(419): CodeIgniter\CodeIgniter->runController(Object(App\Controllers\Home))
#8 C:\xampp\htdocs\playground\system\CodeIgniter.php(326): CodeIgniter\CodeIgniter->handleRequest(NULL, Object(Config\Cache), false)
#9 C:\xampp\htdocs\playground\public\index.php(37): CodeIgniter\CodeIgniter->run()
#10 C:\xampp\htdocs\playground\system\Commands\Server\rewrite.php(43): require_once('C:\\xampp\\htdocs...')
#11 {main}
ERROR - 2024-02-27 01:39:08 --> Unknown column 'w.id' in 'on clause'
CRITICAL - 2024-02-27 01:39:08 --> Unknown column 'w.id' in 'on clause'
#0 C:\xampp\htdocs\playground\system\Database\MySQLi\Connection.php(292): mysqli->query('Select *,d.id i...', 0)
#1 C:\xampp\htdocs\playground\system\Database\BaseConnection.php(670): CodeIgniter\Database\MySQLi\Connection->execute('Select *,d.id i...')
#2 C:\xampp\htdocs\playground\system\Database\BaseConnection.php(598): CodeIgniter\Database\BaseConnection->simpleQuery('Select *,d.id i...')
#3 C:\xampp\htdocs\playground\app\Models\M_model.php(15): CodeIgniter\Database\BaseConnection->query('Select *,d.id i...')
#4 C:\xampp\htdocs\playground\app\Controllers\Home.php(225): App\Models\M_model->use('Select *,d.id i...')
#5 C:\xampp\htdocs\playground\system\CodeIgniter.php(832): App\Controllers\Home->laporanHarian()
#6 C:\xampp\htdocs\playground\system\CodeIgniter.php(419): CodeIgniter\CodeIgniter->runController(Object(App\Controllers\Home))
#7 C:\xampp\htdocs\playground\system\CodeIgniter.php(326): CodeIgniter\CodeIgniter->handleRequest(NULL, Object(Config\Cache), false)
#8 C:\xampp\htdocs\playground\public\index.php(37): CodeIgniter\CodeIgniter->run()
#9 C:\xampp\htdocs\playground\system\Commands\Server\rewrite.php(43): require_once('C:\\xampp\\htdocs...')
#10 {main}
ERROR - 2024-02-27 01:39:10 --> Unknown column 'w.id' in 'on clause'
CRITICAL - 2024-02-27 01:39:10 --> Unknown column 'w.id' in 'on clause'
#0 C:\xampp\htdocs\playground\system\Database\MySQLi\Connection.php(292): mysqli->query('Select * from d...', 0)
#1 C:\xampp\htdocs\playground\system\Database\BaseConnection.php(670): CodeIgniter\Database\MySQLi\Connection->execute('Select * from d...')
#2 C:\xampp\htdocs\playground\system\Database\BaseConnection.php(598): CodeIgniter\Database\BaseConnection->simpleQuery('Select * from d...')
#3 C:\xampp\htdocs\playground\app\Models\M_model.php(15): CodeIgniter\Database\BaseConnection->query('Select * from d...')
#4 C:\xampp\htdocs\playground\app\Controllers\Home.php(168): App\Models\M_model->use('Select * from d...')
#5 C:\xampp\htdocs\playground\system\CodeIgniter.php(832): App\Controllers\Home->main()
#6 C:\xampp\htdocs\playground\system\CodeIgniter.php(419): CodeIgniter\CodeIgniter->runController(Object(App\Controllers\Home))
#7 C:\xampp\htdocs\playground\system\CodeIgniter.php(326): CodeIgniter\CodeIgniter->handleRequest(NULL, Object(Config\Cache), false)
#8 C:\xampp\htdocs\playground\public\index.php(37): CodeIgniter\CodeIgniter->run()
#9 C:\xampp\htdocs\playground\system\Commands\Server\rewrite.php(43): require_once('C:\\xampp\\htdocs...')
#10 {main}
ERROR - 2024-02-27 01:39:13 --> Unknown column 'w.id' in 'on clause'
CRITICAL - 2024-02-27 01:39:13 --> Unknown column 'w.id' in 'on clause'
#0 C:\xampp\htdocs\playground\system\Database\MySQLi\Connection.php(292): mysqli->query('Select *,d.id i...', 0)
#1 C:\xampp\htdocs\playground\system\Database\BaseConnection.php(670): CodeIgniter\Database\MySQLi\Connection->execute('Select *,d.id i...')
#2 C:\xampp\htdocs\playground\system\Database\BaseConnection.php(598): CodeIgniter\Database\BaseConnection->simpleQuery('Select *,d.id i...')
#3 C:\xampp\htdocs\playground\app\Models\M_model.php(15): CodeIgniter\Database\BaseConnection->query('Select *,d.id i...')
#4 C:\xampp\htdocs\playground\app\Controllers\Home.php(225): App\Models\M_model->use('Select *,d.id i...')
#5 C:\xampp\htdocs\playground\system\CodeIgniter.php(832): App\Controllers\Home->laporanHarian()
#6 C:\xampp\htdocs\playground\system\CodeIgniter.php(419): CodeIgniter\CodeIgniter->runController(Object(App\Controllers\Home))
#7 C:\xampp\htdocs\playground\system\CodeIgniter.php(326): CodeIgniter\CodeIgniter->handleRequest(NULL, Object(Config\Cache), false)
#8 C:\xampp\htdocs\playground\public\index.php(37): CodeIgniter\CodeIgniter->run()
#9 C:\xampp\htdocs\playground\system\Commands\Server\rewrite.php(43): require_once('C:\\xampp\\htdocs...')
#10 {main}
ERROR - 2024-02-27 01:39:34 --> Unknown column 'w.id' in 'on clause'
CRITICAL - 2024-02-27 01:39:34 --> Unknown column 'w.id' in 'on clause'
#0 C:\xampp\htdocs\playground\system\Database\MySQLi\Connection.php(292): mysqli->query('Select *,d.id i...', 0)
#1 C:\xampp\htdocs\playground\system\Database\BaseConnection.php(670): CodeIgniter\Database\MySQLi\Connection->execute('Select *,d.id i...')
#2 C:\xampp\htdocs\playground\system\Database\BaseConnection.php(598): CodeIgniter\Database\BaseConnection->simpleQuery('Select *,d.id i...')
#3 C:\xampp\htdocs\playground\app\Models\M_model.php(15): CodeIgniter\Database\BaseConnection->query('Select *,d.id i...')
#4 C:\xampp\htdocs\playground\app\Controllers\Home.php(225): App\Models\M_model->use('Select *,d.id i...')
#5 C:\xampp\htdocs\playground\system\CodeIgniter.php(832): App\Controllers\Home->laporanHarian()
#6 C:\xampp\htdocs\playground\system\CodeIgniter.php(419): CodeIgniter\CodeIgniter->runController(Object(App\Controllers\Home))
#7 C:\xampp\htdocs\playground\system\CodeIgniter.php(326): CodeIgniter\CodeIgniter->handleRequest(NULL, Object(Config\Cache), false)
#8 C:\xampp\htdocs\playground\public\index.php(37): CodeIgniter\CodeIgniter->run()
#9 C:\xampp\htdocs\playground\system\Commands\Server\rewrite.php(43): require_once('C:\\xampp\\htdocs...')
#10 {main}
ERROR - 2024-02-27 01:40:11 --> Unknown column 'w.id' in 'on clause'
CRITICAL - 2024-02-27 01:40:11 --> Unknown column 'w.id' in 'on clause'
#0 C:\xampp\htdocs\playground\system\Database\MySQLi\Connection.php(292): mysqli->query('Select * from d...', 0)
#1 C:\xampp\htdocs\playground\system\Database\BaseConnection.php(670): CodeIgniter\Database\MySQLi\Connection->execute('Select * from d...')
#2 C:\xampp\htdocs\playground\system\Database\BaseConnection.php(598): CodeIgniter\Database\BaseConnection->simpleQuery('Select * from d...')
#3 C:\xampp\htdocs\playground\app\Models\M_model.php(15): CodeIgniter\Database\BaseConnection->query('Select * from d...')
#4 C:\xampp\htdocs\playground\app\Controllers\Home.php(103): App\Models\M_model->use('Select * from d...')
#5 C:\xampp\htdocs\playground\system\CodeIgniter.php(832): App\Controllers\Home->pengunjung()
#6 C:\xampp\htdocs\playground\system\CodeIgniter.php(419): CodeIgniter\CodeIgniter->runController(Object(App\Controllers\Home))
#7 C:\xampp\htdocs\playground\system\CodeIgniter.php(326): CodeIgniter\CodeIgniter->handleRequest(NULL, Object(Config\Cache), false)
#8 C:\xampp\htdocs\playground\public\index.php(37): CodeIgniter\CodeIgniter->run()
#9 C:\xampp\htdocs\playground\system\Commands\Server\rewrite.php(43): require_once('C:\\xampp\\htdocs...')
#10 {main}
ERROR - 2024-02-27 01:40:16 --> Unknown column 'w.id' in 'on clause'
CRITICAL - 2024-02-27 01:40:16 --> Unknown column 'w.id' in 'on clause'
#0 C:\xampp\htdocs\playground\system\Database\MySQLi\Connection.php(292): mysqli->query('Select * from d...', 0)
#1 C:\xampp\htdocs\playground\system\Database\BaseConnection.php(670): CodeIgniter\Database\MySQLi\Connection->execute('Select * from d...')
#2 C:\xampp\htdocs\playground\system\Database\BaseConnection.php(598): CodeIgniter\Database\BaseConnection->simpleQuery('Select * from d...')
#3 C:\xampp\htdocs\playground\app\Models\M_model.php(15): CodeIgniter\Database\BaseConnection->query('Select * from d...')
#4 C:\xampp\htdocs\playground\app\Controllers\Home.php(168): App\Models\M_model->use('Select * from d...')
#5 C:\xampp\htdocs\playground\system\CodeIgniter.php(832): App\Controllers\Home->main()
#6 C:\xampp\htdocs\playground\system\CodeIgniter.php(419): CodeIgniter\CodeIgniter->runController(Object(App\Controllers\Home))
#7 C:\xampp\htdocs\playground\system\CodeIgniter.php(326): CodeIgniter\CodeIgniter->handleRequest(NULL, Object(Config\Cache), false)
#8 C:\xampp\htdocs\playground\public\index.php(37): CodeIgniter\CodeIgniter->run()
#9 C:\xampp\htdocs\playground\system\Commands\Server\rewrite.php(43): require_once('C:\\xampp\\htdocs...')
#10 {main}
ERROR - 2024-02-27 01:41:30 --> Not unique table/alias: 'pengunjung'
CRITICAL - 2024-02-27 01:41:30 --> Not unique table/alias: 'pengunjung'
#0 C:\xampp\htdocs\playground\system\Database\MySQLi\Connection.php(292): mysqli->query('SELECT *\nFROM `...', 0)
#1 C:\xampp\htdocs\playground\system\Database\BaseConnection.php(670): CodeIgniter\Database\MySQLi\Connection->execute('SELECT *\nFROM `...')
#2 C:\xampp\htdocs\playground\system\Database\BaseConnection.php(598): CodeIgniter\Database\BaseConnection->simpleQuery('SELECT *\nFROM `...')
#3 C:\xampp\htdocs\playground\system\Database\BaseBuilder.php(1455): CodeIgniter\Database\BaseConnection->query('SELECT *\nFROM `...', Array, false)
#4 C:\xampp\htdocs\playground\app\Models\M_model.php(212): CodeIgniter\Database\BaseBuilder->get()
#5 C:\xampp\htdocs\playground\app\Controllers\Home.php(268): App\Models\M_model->filter_harian('pengunjung')
#6 C:\xampp\htdocs\playground\system\CodeIgniter.php(832): App\Controllers\Home->print_pdf()
#7 C:\xampp\htdocs\playground\system\CodeIgniter.php(419): CodeIgniter\CodeIgniter->runController(Object(App\Controllers\Home))
#8 C:\xampp\htdocs\playground\system\CodeIgniter.php(326): CodeIgniter\CodeIgniter->handleRequest(NULL, Object(Config\Cache), false)
#9 C:\xampp\htdocs\playground\public\index.php(37): CodeIgniter\CodeIgniter->run()
#10 C:\xampp\htdocs\playground\system\Commands\Server\rewrite.php(43): require_once('C:\\xampp\\htdocs...')
#11 {main}
ERROR - 2024-02-27 01:41:41 --> Unknown column 'pengunjung.daftar' in 'on clause'
CRITICAL - 2024-02-27 01:41:41 --> Unknown column 'pengunjung.daftar' in 'on clause'
#0 C:\xampp\htdocs\playground\system\Database\MySQLi\Connection.php(292): mysqli->query('SELECT *\nFROM `...', 0)
#1 C:\xampp\htdocs\playground\system\Database\BaseConnection.php(670): CodeIgniter\Database\MySQLi\Connection->execute('SELECT *\nFROM `...')
#2 C:\xampp\htdocs\playground\system\Database\BaseConnection.php(598): CodeIgniter\Database\BaseConnection->simpleQuery('SELECT *\nFROM `...')
#3 C:\xampp\htdocs\playground\system\Database\BaseBuilder.php(1455): CodeIgniter\Database\BaseConnection->query('SELECT *\nFROM `...', Array, false)
#4 C:\xampp\htdocs\playground\app\Models\M_model.php(212): CodeIgniter\Database\BaseBuilder->get()
#5 C:\xampp\htdocs\playground\app\Controllers\Home.php(268): App\Models\M_model->filter_harian('pengunjung')
#6 C:\xampp\htdocs\playground\system\CodeIgniter.php(832): App\Controllers\Home->print_pdf()
#7 C:\xampp\htdocs\playground\system\CodeIgniter.php(419): CodeIgniter\CodeIgniter->runController(Object(App\Controllers\Home))
#8 C:\xampp\htdocs\playground\system\CodeIgniter.php(326): CodeIgniter\CodeIgniter->handleRequest(NULL, Object(Config\Cache), false)
#9 C:\xampp\htdocs\playground\public\index.php(37): CodeIgniter\CodeIgniter->run()
#10 C:\xampp\htdocs\playground\system\Commands\Server\rewrite.php(43): require_once('C:\\xampp\\htdocs...')
#11 {main}
CRITICAL - 2024-02-27 01:42:03 --> Invalid file: FilterLaporanHarian.php
#0 C:\xampp\htdocs\playground\system\View\View.php(198): CodeIgniter\Exceptions\FrameworkException::forInvalidFile('FilterLaporanHa...')
#1 C:\xampp\htdocs\playground\system\Common.php(1089): CodeIgniter\View\View->render('FilterLaporanHa...', Array, true)
#2 C:\xampp\htdocs\playground\app\Controllers\Home.php(277): view('FilterLaporanHa...', Array)
#3 C:\xampp\htdocs\playground\system\CodeIgniter.php(832): App\Controllers\Home->print_pdf()
#4 C:\xampp\htdocs\playground\system\CodeIgniter.php(419): CodeIgniter\CodeIgniter->runController(Object(App\Controllers\Home))
#5 C:\xampp\htdocs\playground\system\CodeIgniter.php(326): CodeIgniter\CodeIgniter->handleRequest(NULL, Object(Config\Cache), false)
#6 C:\xampp\htdocs\playground\public\index.php(37): CodeIgniter\CodeIgniter->run()
#7 C:\xampp\htdocs\playground\system\Commands\Server\rewrite.php(43): require_once('C:\\xampp\\htdocs...')
#8 {main}
